<?xml version="1.0" encoding="UTF-8"?>
<!-- Generated by org.testng.reporters.JUnitXMLReporter -->
<testsuite ignored="11" hostname="KOP-BM5TNF2" failures="1" tests="1" name="PipelinesTests" time="58.366" errors="0" timestamp="2020-06-19T12:24:08 EDT">
  <testcase classname="com.gsicommerce.romui.selenium.tests.PipelinesTests" name="testAddPipeline" time="44.81">
    <failure type="org.openqa.selenium.NoSuchElementException" message="Unable to find element with css selector == [data-on-pipeline-form-submit=&amp;apos;&amp;apos;][type=&amp;apos;button&amp;apos;]
For documentation on this error, please visit: https://www.seleniumhq.org/exceptions/no_such_element.html
Build info: version: &amp;apos;3.141.59&amp;apos;, revision: &amp;apos;e82be7d358&amp;apos;, time: &amp;apos;2018-11-14T08:17:03&amp;apos;
System info: host: &amp;apos;KOP-BM5TNF2&amp;apos;, ip: &amp;apos;10.140.134.139&amp;apos;, os.name: &amp;apos;Windows 10&amp;apos;, os.arch: &amp;apos;amd64&amp;apos;, os.version: &amp;apos;10.0&amp;apos;, java.version: &amp;apos;12.0.2&amp;apos;
Driver info: org.openqa.selenium.ie.InternetExplorerDriver
Capabilities {acceptInsecureCerts: false, browserName: internet explorer, browserVersion: 11, javascriptEnabled: true, pageLoadStrategy: normal, platform: WINDOWS, platformName: WINDOWS, proxy: Proxy(), se:ieOptions: {browserAttachTimeout: 0, elementScrollBehavior: 0, enablePersistentHover: false, ie.browserCommandLineSwitches: , ie.edgechromium: false, ie.edgepath: , ie.ensureCleanSession: true, ie.fileUploadDialogTimeout: 3000, ie.forceCreateProcessApi: false, ignoreProtectedModeSettings: true, ignoreZoomSetting: false, initialBrowserUrl: http://localhost:27344/, nativeEvents: true, requireWindowFocus: true}, setWindowRect: true, strictFileInteractability: false, timeouts: {implicit: 0, pageLoad: 300000, script: 30000}, unhandledPromptBehavior: dismiss and notify}
Session ID: 347e5293-2d4c-4354-80b0-027624e0b20f
*** Element info: {Using=css selector, value=[data-on-pipeline-form-submit=&amp;apos;&amp;apos;][type=&amp;apos;button&amp;apos;]}">
      <![CDATA[org.openqa.selenium.NoSuchElementException: Unable to find element with css selector == [data-on-pipeline-form-submit=''][type='button']
For documentation on this error, please visit: https://www.seleniumhq.org/exceptions/no_such_element.html
Build info: version: '3.141.59', revision: 'e82be7d358', time: '2018-11-14T08:17:03'
System info: host: 'KOP-BM5TNF2', ip: '10.140.134.139', os.name: 'Windows 10', os.arch: 'amd64', os.version: '10.0', java.version: '12.0.2'
Driver info: org.openqa.selenium.ie.InternetExplorerDriver
Capabilities {acceptInsecureCerts: false, browserName: internet explorer, browserVersion: 11, javascriptEnabled: true, pageLoadStrategy: normal, platform: WINDOWS, platformName: WINDOWS, proxy: Proxy(), se:ieOptions: {browserAttachTimeout: 0, elementScrollBehavior: 0, enablePersistentHover: false, ie.browserCommandLineSwitches: , ie.edgechromium: false, ie.edgepath: , ie.ensureCleanSession: true, ie.fileUploadDialogTimeout: 3000, ie.forceCreateProcessApi: false, ignoreProtectedModeSettings: true, ignoreZoomSetting: false, initialBrowserUrl: http://localhost:27344/, nativeEvents: true, requireWindowFocus: true}, setWindowRect: true, strictFileInteractability: false, timeouts: {implicit: 0, pageLoad: 300000, script: 30000}, unhandledPromptBehavior: dismiss and notify}
Session ID: 347e5293-2d4c-4354-80b0-027624e0b20f
*** Element info: {Using=css selector, value=[data-on-pipeline-form-submit=''][type='button']}
at org.openqa.selenium.remote.http.W3CHttpResponseCodec.createException(W3CHttpResponseCodec.java:187)
at org.openqa.selenium.remote.http.W3CHttpResponseCodec.decode(W3CHttpResponseCodec.java:122)
at org.openqa.selenium.remote.http.W3CHttpResponseCodec.decode(W3CHttpResponseCodec.java:49)
at org.openqa.selenium.remote.HttpCommandExecutor.execute(HttpCommandExecutor.java:158)
at org.openqa.selenium.remote.service.DriverCommandExecutor.execute(DriverCommandExecutor.java:83)
at org.openqa.selenium.remote.RemoteWebDriver.execute(RemoteWebDriver.java:552)
at org.openqa.selenium.remote.RemoteWebDriver.findElement(RemoteWebDriver.java:323)
at org.openqa.selenium.remote.RemoteWebDriver.findElementByCssSelector(RemoteWebDriver.java:420)
at org.openqa.selenium.By$ByCssSelector.findElement(By.java:431)
at org.openqa.selenium.remote.RemoteWebDriver.findElement(RemoteWebDriver.java:315)
at org.openqa.selenium.support.pagefactory.DefaultElementLocator.findElement(DefaultElementLocator.java:69)
at org.openqa.selenium.support.pagefactory.internal.LocatingElementHandler.invoke(LocatingElementHandler.java:38)
at com.sun.proxy.$Proxy14.getWrappedElement(Unknown Source)
at org.openqa.selenium.remote.internal.WebElementToJsonConverter.apply(WebElementToJsonConverter.java:50)
at java.base/java.util.stream.ReferencePipeline$3$1.accept(ReferencePipeline.java:195)
at java.base/java.util.Spliterators$ArraySpliterator.forEachRemaining(Spliterators.java:948)
at java.base/java.util.stream.AbstractPipeline.copyInto(AbstractPipeline.java:484)
at java.base/java.util.stream.AbstractPipeline.wrapAndCopyInto(AbstractPipeline.java:474)
at java.base/java.util.stream.ReduceOps$ReduceOp.evaluateSequential(ReduceOps.java:913)
at java.base/java.util.stream.AbstractPipeline.evaluate(AbstractPipeline.java:234)
at java.base/java.util.stream.ReferencePipeline.collect(ReferencePipeline.java:578)
at org.openqa.selenium.remote.RemoteWebDriver.executeScript(RemoteWebDriver.java:484)
at com.gsicommerce.romui.selenium.utilities.Action.clickElementJavaScipt(Action.java:761)
at com.gsicommerce.romui.selenium.pages.ordermanagement.PipelinesPage.addPipeline(PipelinesPage.java:183)
at com.gsicommerce.romui.selenium.tests.PipelinesTests.testAddPipeline(PipelinesTests.java:24)
at java.base/java.util.ArrayList.forEach(ArrayList.java:1540)
... Removed 32 stack frames]]>
    </failure>
  </testcase> <!-- testAddPipeline -->
  <testcase classname="com.gsicommerce.romui.selenium.tests.PipelinesTests" name="testEditPipeline" time="0.0">
    <ignored/>
  </testcase> <!-- testEditPipeline -->
  <testcase classname="com.gsicommerce.romui.selenium.tests.PipelinesTests" name="testeditPipelineActive" time="0.0">
    <ignored/>
  </testcase> <!-- testeditPipelineActive -->
  <testcase classname="com.gsicommerce.romui.selenium.tests.PipelinesTests" name="testDeletePipeline" time="0.0">
    <ignored/>
  </testcase> <!-- testDeletePipeline -->
  <testcase classname="com.gsicommerce.romui.selenium.tests.PipelinesTests" name="testCopyPipelineActiveStatus" time="0.0">
    <ignored/>
  </testcase> <!-- testCopyPipelineActiveStatus -->
  <testcase classname="com.gsicommerce.romui.selenium.tests.PipelinesTests" name="testeditPipelineInActive" time="0.0">
    <ignored/>
  </testcase> <!-- testeditPipelineInActive -->
  <testcase classname="com.gsicommerce.romui.selenium.tests.PipelinesTests" name="testCopyPipelineInActiveStatus" time="0.0">
    <ignored/>
  </testcase> <!-- testCopyPipelineInActiveStatus -->
  <testcase classname="com.gsicommerce.romui.selenium.tests.PipelinesTests" name="testeditPipelienConfigurationDraft" time="0.0">
    <ignored/>
  </testcase> <!-- testeditPipelienConfigurationDraft -->
  <testcase classname="com.gsicommerce.romui.selenium.tests.PipelinesTests" name="testEditPipelineConfigurationActiveStatus" time="0.0">
    <ignored/>
  </testcase> <!-- testEditPipelineConfigurationActiveStatus -->
  <testcase classname="com.gsicommerce.romui.selenium.tests.PipelinesTests" name="testCopyPipeline" time="0.0">
    <ignored/>
  </testcase> <!-- testCopyPipeline -->
  <testcase classname="com.gsicommerce.romui.selenium.tests.PipelinesTests" name="testPipelineFormValidation" time="0.0">
    <ignored/>
  </testcase> <!-- testPipelineFormValidation -->
  <testcase classname="com.gsicommerce.romui.selenium.tests.PipelinesTests" name="testViewPipeline" time="0.0">
    <ignored/>
  </testcase> <!-- testViewPipeline -->
</testsuite> <!-- PipelinesTests -->
