<?xml version="1.0" encoding="UTF-8"?>
<!-- Generated by org.testng.reporters.JUnitXMLReporter -->
<testsuite ignored="0" hostname="KOP-BM5TNF2" failures="0" tests="11" name="ShippingLabelConfigTests" time="737.901" errors="0" timestamp="2020-07-14T15:12:47 EDT">
  <testcase classname="com.gsicommerce.romui.selenium.tests.ShippingLabelConfigTests" name="testAddShipLabelConfigByConsignor" time="63.029"/>
  <testcase classname="com.gsicommerce.romui.selenium.tests.ShippingLabelConfigTests" name="testAddShipLabelConfigByConsignorMock" time="69.784"/>
  <testcase classname="com.gsicommerce.romui.selenium.tests.ShippingLabelConfigTests" name="testAddShipLabelConfigByFedex" time="66.387"/>
  <testcase classname="com.gsicommerce.romui.selenium.tests.ShippingLabelConfigTests" name="testAddShipLabelConfigByUps" time="87.409"/>
  <testcase classname="com.gsicommerce.romui.selenium.tests.ShippingLabelConfigTests" name="testAddShipLabelConfigByUPSMock" time="64.625"/>
  <testcase classname="com.gsicommerce.romui.selenium.tests.ShippingLabelConfigTests" name="testEditShipLabelConfigByConsignor" time="45.746"/>
  <testcase classname="com.gsicommerce.romui.selenium.tests.ShippingLabelConfigTests" name="testEditShipLabelConfigByConsignor_mock" time="49.026"/>
  <testcase classname="com.gsicommerce.romui.selenium.tests.ShippingLabelConfigTests" name="testeditShipLabelConfigByFedex" time="44.487"/>
  <testcase classname="com.gsicommerce.romui.selenium.tests.ShippingLabelConfigTests" name="testEditShipLabelConfigByUps" time="47.808"/>
  <testcase classname="com.gsicommerce.romui.selenium.tests.ShippingLabelConfigTests" name="testEditShipLabelConfigByUps_mock" time="48.834"/>
  <testcase classname="com.gsicommerce.romui.selenium.tests.ShippingLabelConfigTests" name="testShipLabelConfigFormValidation" time="27.45"/>
</testsuite> <!-- ShippingLabelConfigTests -->
