<?xml version="1.0" encoding="UTF-8"?>
<!-- Generated by org.testng.reporters.JUnitXMLReporter -->
<testsuite ignored="1" hostname="KOP-BM5TNF2" failures="0" tests="5" name="Test" time="144.857" errors="0" timestamp="2020-05-06T16:58:14 EDT">
  <testcase classname="com.gsicommerce.romui.selenium.tests.PipelinesTest" name="testAddPipeline" time="22.935"/>
  <testcase classname="com.gsicommerce.romui.selenium.tests.PipelinesTest" name="testViewPipeline" time="17.408"/>
  <testcase classname="com.gsicommerce.romui.selenium.tests.PipelinesTest" name="testDeletePipeline" time="19.113"/>
  <testcase classname="com.gsicommerce.romui.selenium.tests.PipelinesTest" name="testCopyPipeline" time="21.241"/>
  <testcase classname="com.gsicommerce.romui.selenium.tests.PipelinesTest" name="testEditPipelineConfiguration" time="20.356"/>
  <testcase classname="com.gsicommerce.romui.selenium.tests.PipelinesTest" name="testEditPipeline" time="0.0">
    <ignored/>
  </testcase> <!-- testEditPipeline -->
</testsuite> <!-- Test -->
