<?xml version="1.0" encoding="UTF-8"?>
<testng-results ignored="0" total="1" passed="0" failed="1" skipped="0">
  <reporter-output>
  </reporter-output>
  <suite started-at="2020-07-07T00:20:37 EDT" name="Suite" finished-at="2020-07-07T00:20:58 EDT" duration-ms="21249">
    <groups>
    </groups>
    <test started-at="2020-07-07T00:20:37 EDT" name="NodeCalendarsTests" finished-at="2020-07-07T00:20:58 EDT" duration-ms="21249">
      <class name="com.gsicommerce.romui.selenium.tests.NodeCalendarsTests">
        <test-method is-config="true" signature="setup(org.testng.ITestContext)[pri:0, instance:com.gsicommerce.romui.selenium.tests.NodeCalendarsTests@3c41ed1d]" started-at="2020-07-07T00:20:37 EDT" name="setup" finished-at="2020-07-07T00:20:48 EDT" duration-ms="10339" status="PASS">
          <params>
            <param index="0">
              <value>
                <![CDATA[org.testng.TestRunner@25d3cfc8]]>
              </value>
            </param>
          </params>
          <reporter-output>
          </reporter-output>
        </test-method> <!-- setup -->
        <test-method signature="testSearchOrderbyNumber()[pri:1, instance:com.gsicommerce.romui.selenium.tests.NodeCalendarsTests@3c41ed1d]" started-at="2020-07-07T00:20:48 EDT" name="testSearchOrderbyNumber" description="to Verify search order by Order number" finished-at="2020-07-07T00:20:58 EDT" duration-ms="10456" status="FAIL">
          <exception class="java.lang.IllegalArgumentException">
            <message>
              <![CDATA[Cannot format given Object as a Date]]>
            </message>
            <full-stacktrace>
              <![CDATA[java.lang.IllegalArgumentException: Cannot format given Object as a Date
at java.base/java.text.DateFormat.format(DateFormat.java:338)
at java.base/java.text.Format.format(Format.java:158)
at com.gsicommerce.romui.selenium.utilities.Common.selectTime(Common.java:614)
at com.gsicommerce.romui.selenium.pages.ordermanagement.NodeCalendarsPage.addNodeCalendars(NodeCalendarsPage.java:81)
at com.gsicommerce.romui.selenium.tests.NodeCalendarsTests.testSearchOrderbyNumber(NodeCalendarsTests.java:22)
at java.base/jdk.internal.reflect.NativeMethodAccessorImpl.invoke0(Native Method)
at java.base/jdk.internal.reflect.NativeMethodAccessorImpl.invoke(NativeMethodAccessorImpl.java:62)
at java.base/jdk.internal.reflect.DelegatingMethodAccessorImpl.invoke(DelegatingMethodAccessorImpl.java:43)
at java.base/java.lang.reflect.Method.invoke(Method.java:567)
at org.testng.internal.MethodInvocationHelper.invokeMethod(MethodInvocationHelper.java:135)
at org.testng.internal.TestInvoker.invokeMethod(TestInvoker.java:598)
at org.testng.internal.TestInvoker.invokeTestMethod(TestInvoker.java:174)
at org.testng.internal.MethodRunner.runInSequence(MethodRunner.java:46)
at org.testng.internal.TestInvoker$MethodInvocationAgent.invoke(TestInvoker.java:821)
at org.testng.internal.TestInvoker.invokeTestMethods(TestInvoker.java:147)
at org.testng.internal.TestMethodWorker.invokeTestMethods(TestMethodWorker.java:146)
at org.testng.internal.TestMethodWorker.run(TestMethodWorker.java:128)
at java.base/java.util.ArrayList.forEach(ArrayList.java:1540)
at org.testng.TestRunner.privateRun(TestRunner.java:767)
at org.testng.TestRunner.run(TestRunner.java:588)
at org.testng.SuiteRunner.runTest(SuiteRunner.java:384)
at org.testng.SuiteRunner.runSequentially(SuiteRunner.java:378)
at org.testng.SuiteRunner.privateRun(SuiteRunner.java:337)
at org.testng.SuiteRunner.run(SuiteRunner.java:286)
at org.testng.SuiteRunnerWorker.runSuite(SuiteRunnerWorker.java:53)
at org.testng.SuiteRunnerWorker.run(SuiteRunnerWorker.java:96)
at org.testng.TestNG.runSuitesSequentially(TestNG.java:1214)
at org.testng.TestNG.runSuitesLocally(TestNG.java:1136)
at org.testng.TestNG.runSuites(TestNG.java:1066)
at org.testng.TestNG.run(TestNG.java:1034)
at org.testng.remote.AbstractRemoteTestNG.run(AbstractRemoteTestNG.java:115)
at org.testng.remote.RemoteTestNG.initAndRun(RemoteTestNG.java:251)
at org.testng.remote.RemoteTestNG.main(RemoteTestNG.java:77)
]]>
            </full-stacktrace>
          </exception> <!-- java.lang.IllegalArgumentException -->
          <reporter-output>
          </reporter-output>
        </test-method> <!-- testSearchOrderbyNumber -->
        <test-method is-config="true" signature="tearDown(org.testng.ITestResult)[pri:0, instance:com.gsicommerce.romui.selenium.tests.NodeCalendarsTests@3c41ed1d]" started-at="2020-07-07T00:20:58 EDT" name="tearDown" finished-at="2020-07-07T00:20:58 EDT" duration-ms="426" status="PASS">
          <params>
            <param index="0">
              <value>
                <![CDATA[[TestResult name=testSearchOrderbyNumber status=FAILURE method=NodeCalendarsTests.testSearchOrderbyNumber()[pri:1, instance:com.gsicommerce.romui.selenium.tests.NodeCalendarsTests@3c41ed1d] output={null}]]]>
              </value>
            </param>
          </params>
          <reporter-output>
          </reporter-output>
        </test-method> <!-- tearDown -->
      </class> <!-- com.gsicommerce.romui.selenium.tests.NodeCalendarsTests -->
    </test> <!-- NodeCalendarsTests -->
  </suite> <!-- Suite -->
</testng-results>
