<?xml version="1.0" encoding="UTF-8"?>
<testng-results ignored="0" total="1" passed="1" failed="0" skipped="0">
  <reporter-output>
  </reporter-output>
  <suite started-at="2020-07-08T01:02:28 EDT" name="Suite" finished-at="2020-07-08T01:02:56 EDT" duration-ms="28070">
    <groups>
    </groups>
    <test started-at="2020-07-08T01:02:28 EDT" name="NodeCalendarsTests" finished-at="2020-07-08T01:02:56 EDT" duration-ms="28070">
      <class name="com.gsicommerce.romui.selenium.tests.NodeCalendarsTests">
        <test-method is-config="true" signature="setup(org.testng.ITestContext)[pri:0, instance:com.gsicommerce.romui.selenium.tests.NodeCalendarsTests@3c41ed1d]" started-at="2020-07-08T01:02:28 EDT" name="setup" finished-at="2020-07-08T01:02:41 EDT" duration-ms="13103" status="PASS">
          <params>
            <param index="0">
              <value>
                <![CDATA[org.testng.TestRunner@6972c30a]]>
              </value>
            </param>
          </params>
          <reporter-output>
          </reporter-output>
        </test-method> <!-- setup -->
        <test-method signature="testAddNodeCalendars()[pri:1, instance:com.gsicommerce.romui.selenium.tests.NodeCalendarsTests@3c41ed1d]" started-at="2020-07-08T01:02:41 EDT" name="testAddNodeCalendars" description="to Verify user able to add Node Calendra" finished-at="2020-07-08T01:02:56 EDT" duration-ms="14927" status="PASS">
          <reporter-output>
          </reporter-output>
        </test-method> <!-- testAddNodeCalendars -->
        <test-method is-config="true" signature="tearDown(org.testng.ITestResult)[pri:0, instance:com.gsicommerce.romui.selenium.tests.NodeCalendarsTests@3c41ed1d]" started-at="2020-07-08T01:02:56 EDT" name="tearDown" finished-at="2020-07-08T01:02:56 EDT" duration-ms="1" status="PASS">
          <params>
            <param index="0">
              <value>
                <![CDATA[[TestResult name=testAddNodeCalendars status=SUCCESS method=NodeCalendarsTests.testAddNodeCalendars()[pri:1, instance:com.gsicommerce.romui.selenium.tests.NodeCalendarsTests@3c41ed1d] output={null}]]]>
              </value>
            </param>
          </params>
          <reporter-output>
          </reporter-output>
        </test-method> <!-- tearDown -->
      </class> <!-- com.gsicommerce.romui.selenium.tests.NodeCalendarsTests -->
    </test> <!-- NodeCalendarsTests -->
  </suite> <!-- Suite -->
</testng-results>
