<?xml version="1.0" encoding="UTF-8"?>
<testng-results ignored="18" total="29" passed="9" failed="2" skipped="0">
  <reporter-output>
    <line>
      <![CDATA[There is no page limit option displayed]]>
    </line>
    <line>
      <![CDATA[page limit drop down value is selected]]>
    </line>
    <line>
      <![CDATA[Getting the column value of the first row]]>
    </line>
    <line>
      <![CDATA[Getting the column value of the first row]]>
    </line>
    <line>
      <![CDATA[View Order icon is clicked on]]>
    </line>
    <line>
      <![CDATA[There is no page limit option displayed]]>
    </line>
    <line>
      <![CDATA[page limit drop down value is selected]]>
    </line>
    <line>
      <![CDATA[Getting the column value of the first row]]>
    </line>
    <line>
      <![CDATA[Getting the column value of the first row]]>
    </line>
    <line>
      <![CDATA[Action icon for span element is clicked on]]>
    </line>
    <line>
      <![CDATA[There is no page limit option displayed]]>
    </line>
    <line>
      <![CDATA[page limit drop down value is selected]]>
    </line>
    <line>
      <![CDATA[Getting the column value of the first row]]>
    </line>
    <line>
      <![CDATA[Getting the column value of the first row]]>
    </line>
    <line>
      <![CDATA[View Order icon is clicked on]]>
    </line>
    <line>
      <![CDATA[There is no page limit option displayed]]>
    </line>
    <line>
      <![CDATA[page limit drop down value is selected]]>
    </line>
    <line>
      <![CDATA[Getting the column value of the first row]]>
    </line>
    <line>
      <![CDATA[Getting the column value of the first row]]>
    </line>
    <line>
      <![CDATA[Action icon for span element is clicked on]]>
    </line>
    <line>
      <![CDATA[There is no page limit option displayed]]>
    </line>
    <line>
      <![CDATA[page limit drop down value is selected]]>
    </line>
    <line>
      <![CDATA[There is no page limit option displayed]]>
    </line>
    <line>
      <![CDATA[page limit drop down value is selected]]>
    </line>
    <line>
      <![CDATA[Getting the column value of the first row]]>
    </line>
    <line>
      <![CDATA[Getting the column value of the first row]]>
    </line>
    <line>
      <![CDATA[View Order icon is clicked on]]>
    </line>
    <line>
      <![CDATA[There is no page limit option displayed]]>
    </line>
    <line>
      <![CDATA[page limit drop down value is selected]]>
    </line>
    <line>
      <![CDATA[There is no page limit option displayed]]>
    </line>
    <line>
      <![CDATA[page limit drop down value is selected]]>
    </line>
    <line>
      <![CDATA[Getting the column value of the first row]]>
    </line>
    <line>
      <![CDATA[Getting the column value of the first row]]>
    </line>
    <line>
      <![CDATA[Action icon for span element is clicked on]]>
    </line>
    <line>
      <![CDATA[There is no page limit option displayed]]>
    </line>
    <line>
      <![CDATA[page limit drop down value is selected]]>
    </line>
    <line>
      <![CDATA[Getting the column value of the first row]]>
    </line>
    <line>
      <![CDATA[Getting the column value of the first row]]>
    </line>
    <line>
      <![CDATA[View Order icon is clicked on]]>
    </line>
    <line>
      <![CDATA[There is no page limit option displayed]]>
    </line>
    <line>
      <![CDATA[page limit drop down value is selected]]>
    </line>
    <line>
      <![CDATA[Getting the column value of the first row]]>
    </line>
    <line>
      <![CDATA[Getting the column value of the first row]]>
    </line>
    <line>
      <![CDATA[View Order icon is clicked on]]>
    </line>
    <line>
      <![CDATA[There is no page limit option displayed]]>
    </line>
    <line>
      <![CDATA[page limit drop down value is selected]]>
    </line>
    <line>
      <![CDATA[Getting the column value of the first row]]>
    </line>
    <line>
      <![CDATA[Getting the column value of the first row]]>
    </line>
    <line>
      <![CDATA[Action icon for span element is clicked on]]>
    </line>
    <line>
      <![CDATA[Get Total No of Rows in the webtable]]>
    </line>
    <line>
      <![CDATA[Get Total No of Rows in the webtable]]>
    </line>
    <line>
      <![CDATA[Get Total No of Rows in the webtable]]>
    </line>
    <line>
      <![CDATA[Get Total No of Rows in the webtable]]>
    </line>
    <line>
      <![CDATA[Get Total No of Rows in the webtable]]>
    </line>
  </reporter-output>
  <suite started-at="2020-07-01T15:32:04 EDT" name="Suite" finished-at="2020-07-01T15:40:30 EDT" duration-ms="506288">
    <groups>
    </groups>
    <test started-at="2020-07-01T15:32:04 EDT" name="SafetyStockConfigsTests" finished-at="2020-07-01T15:40:30 EDT" duration-ms="506288">
      <class name="com.gsicommerce.romui.selenium.tests.SafetyStockConfigsTests">
        <test-method is-config="true" signature="setup(org.testng.ITestContext)[pri:0, instance:com.gsicommerce.romui.selenium.tests.SafetyStockConfigsTests@5542c4ed]" started-at="2020-07-01T15:32:04 EDT" name="setup" finished-at="2020-07-01T15:32:15 EDT" duration-ms="11720" status="PASS">
          <params>
            <param index="0">
              <value>
                <![CDATA[org.testng.TestRunner@633c0a61]]>
              </value>
            </param>
          </params>
          <reporter-output>
          </reporter-output>
        </test-method> <!-- setup -->
        <test-method signature="testEditSafetyStockByNodeItem()[pri:2, instance:com.gsicommerce.romui.selenium.tests.SafetyStockConfigsTests@5542c4ed]" started-at="2020-07-01T15:32:15 EDT" name="testEditSafetyStockByNodeItem" description="to Verify edit Safety stock through Node Item in Manage Safety Stock Configuration page" finished-at="2020-07-01T15:32:53 EDT" duration-ms="37160" status="PASS">
          <reporter-output>
            <line>
              <![CDATA[There is no page limit option displayed]]>
            </line>
            <line>
              <![CDATA[page limit drop down value is selected]]>
            </line>
            <line>
              <![CDATA[Getting the column value of the first row]]>
            </line>
            <line>
              <![CDATA[Getting the column value of the first row]]>
            </line>
            <line>
              <![CDATA[View Order icon is clicked on]]>
            </line>
          </reporter-output>
        </test-method> <!-- testEditSafetyStockByNodeItem -->
        <test-method is-config="true" signature="tearDown(org.testng.ITestResult)[pri:0, instance:com.gsicommerce.romui.selenium.tests.SafetyStockConfigsTests@5542c4ed]" started-at="2020-07-01T15:32:53 EDT" name="tearDown" finished-at="2020-07-01T15:32:54 EDT" duration-ms="1115" status="PASS">
          <params>
            <param index="0">
              <value>
                <![CDATA[[TestResult name=testEditSafetyStockByNodeItem status=SUCCESS method=SafetyStockConfigsTests.testEditSafetyStockByNodeItem()[pri:2, instance:com.gsicommerce.romui.selenium.tests.SafetyStockConfigsTests@5542c4ed] output=There is no page limit option displayed]]]>
              </value>
            </param>
          </params>
          <reporter-output>
          </reporter-output>
        </test-method> <!-- tearDown -->
        <test-method is-config="true" signature="setup(org.testng.ITestContext)[pri:0, instance:com.gsicommerce.romui.selenium.tests.SafetyStockConfigsTests@5542c4ed]" started-at="2020-07-01T15:32:54 EDT" name="setup" finished-at="2020-07-01T15:33:04 EDT" duration-ms="9837" status="PASS">
          <params>
            <param index="0">
              <value>
                <![CDATA[org.testng.TestRunner@633c0a61]]>
              </value>
            </param>
          </params>
          <reporter-output>
          </reporter-output>
        </test-method> <!-- setup -->
        <test-method signature="testDeleteSafetyStockByNodeItem()[pri:4, instance:com.gsicommerce.romui.selenium.tests.SafetyStockConfigsTests@5542c4ed]" started-at="2020-07-01T15:33:04 EDT" name="testDeleteSafetyStockByNodeItem" description="to Verify delete Safety stock through Node Item in Manage Safety Stock Configuration page" finished-at="2020-07-01T15:33:34 EDT" duration-ms="30481" status="PASS">
          <reporter-output>
            <line>
              <![CDATA[There is no page limit option displayed]]>
            </line>
            <line>
              <![CDATA[page limit drop down value is selected]]>
            </line>
            <line>
              <![CDATA[Getting the column value of the first row]]>
            </line>
            <line>
              <![CDATA[Getting the column value of the first row]]>
            </line>
            <line>
              <![CDATA[Action icon for span element is clicked on]]>
            </line>
          </reporter-output>
        </test-method> <!-- testDeleteSafetyStockByNodeItem -->
        <test-method is-config="true" signature="tearDown(org.testng.ITestResult)[pri:0, instance:com.gsicommerce.romui.selenium.tests.SafetyStockConfigsTests@5542c4ed]" started-at="2020-07-01T15:33:34 EDT" name="tearDown" finished-at="2020-07-01T15:33:35 EDT" duration-ms="631" status="PASS">
          <params>
            <param index="0">
              <value>
                <![CDATA[[TestResult name=testDeleteSafetyStockByNodeItem status=SUCCESS method=SafetyStockConfigsTests.testDeleteSafetyStockByNodeItem()[pri:4, instance:com.gsicommerce.romui.selenium.tests.SafetyStockConfigsTests@5542c4ed] output=There is no page limit option displayed]]]>
              </value>
            </param>
          </params>
          <reporter-output>
          </reporter-output>
        </test-method> <!-- tearDown -->
        <test-method is-config="true" signature="setup(org.testng.ITestContext)[pri:0, instance:com.gsicommerce.romui.selenium.tests.SafetyStockConfigsTests@5542c4ed]" started-at="2020-07-01T15:33:35 EDT" name="setup" finished-at="2020-07-01T15:33:44 EDT" duration-ms="9692" status="PASS">
          <params>
            <param index="0">
              <value>
                <![CDATA[org.testng.TestRunner@633c0a61]]>
              </value>
            </param>
          </params>
          <reporter-output>
          </reporter-output>
        </test-method> <!-- setup -->
        <test-method signature="testEditSafetyStockByNodeTypeItem()[pri:6, instance:com.gsicommerce.romui.selenium.tests.SafetyStockConfigsTests@5542c4ed]" started-at="2020-07-01T15:33:44 EDT" name="testEditSafetyStockByNodeTypeItem" description="to Verify edit Safety stock through Node type Item in Manage Safety Stock Configuration page" finished-at="2020-07-01T15:34:17 EDT" duration-ms="32979" status="PASS">
          <reporter-output>
            <line>
              <![CDATA[There is no page limit option displayed]]>
            </line>
            <line>
              <![CDATA[page limit drop down value is selected]]>
            </line>
            <line>
              <![CDATA[Getting the column value of the first row]]>
            </line>
            <line>
              <![CDATA[Getting the column value of the first row]]>
            </line>
            <line>
              <![CDATA[View Order icon is clicked on]]>
            </line>
          </reporter-output>
        </test-method> <!-- testEditSafetyStockByNodeTypeItem -->
        <test-method is-config="true" signature="tearDown(org.testng.ITestResult)[pri:0, instance:com.gsicommerce.romui.selenium.tests.SafetyStockConfigsTests@5542c4ed]" started-at="2020-07-01T15:34:17 EDT" name="tearDown" finished-at="2020-07-01T15:34:18 EDT" duration-ms="688" status="PASS">
          <params>
            <param index="0">
              <value>
                <![CDATA[[TestResult name=testEditSafetyStockByNodeTypeItem status=SUCCESS method=SafetyStockConfigsTests.testEditSafetyStockByNodeTypeItem()[pri:6, instance:com.gsicommerce.romui.selenium.tests.SafetyStockConfigsTests@5542c4ed] output=There is no page limit option displayed]]]>
              </value>
            </param>
          </params>
          <reporter-output>
          </reporter-output>
        </test-method> <!-- tearDown -->
        <test-method is-config="true" signature="setup(org.testng.ITestContext)[pri:0, instance:com.gsicommerce.romui.selenium.tests.SafetyStockConfigsTests@5542c4ed]" started-at="2020-07-01T15:34:18 EDT" name="setup" finished-at="2020-07-01T15:34:28 EDT" duration-ms="9612" status="PASS">
          <params>
            <param index="0">
              <value>
                <![CDATA[org.testng.TestRunner@633c0a61]]>
              </value>
            </param>
          </params>
          <reporter-output>
          </reporter-output>
        </test-method> <!-- setup -->
        <test-method signature="testDeleteSafetyStockByNodeTypeItem()[pri:7, instance:com.gsicommerce.romui.selenium.tests.SafetyStockConfigsTests@5542c4ed]" started-at="2020-07-01T15:34:28 EDT" name="testDeleteSafetyStockByNodeTypeItem" description="to Verify delete Safety stock through Node type Item in Manage Safety Stock Configuration page" finished-at="2020-07-01T15:34:59 EDT" duration-ms="31723" status="PASS">
          <reporter-output>
            <line>
              <![CDATA[There is no page limit option displayed]]>
            </line>
            <line>
              <![CDATA[page limit drop down value is selected]]>
            </line>
            <line>
              <![CDATA[Getting the column value of the first row]]>
            </line>
            <line>
              <![CDATA[Getting the column value of the first row]]>
            </line>
            <line>
              <![CDATA[Action icon for span element is clicked on]]>
            </line>
          </reporter-output>
        </test-method> <!-- testDeleteSafetyStockByNodeTypeItem -->
        <test-method is-config="true" signature="tearDown(org.testng.ITestResult)[pri:0, instance:com.gsicommerce.romui.selenium.tests.SafetyStockConfigsTests@5542c4ed]" started-at="2020-07-01T15:34:59 EDT" name="tearDown" finished-at="2020-07-01T15:35:00 EDT" duration-ms="635" status="PASS">
          <params>
            <param index="0">
              <value>
                <![CDATA[[TestResult name=testDeleteSafetyStockByNodeTypeItem status=SUCCESS method=SafetyStockConfigsTests.testDeleteSafetyStockByNodeTypeItem()[pri:7, instance:com.gsicommerce.romui.selenium.tests.SafetyStockConfigsTests@5542c4ed] output=There is no page limit option displayed]]]>
              </value>
            </param>
          </params>
          <reporter-output>
          </reporter-output>
        </test-method> <!-- tearDown -->
        <test-method is-config="true" signature="setup(org.testng.ITestContext)[pri:0, instance:com.gsicommerce.romui.selenium.tests.SafetyStockConfigsTests@5542c4ed]" started-at="2020-07-01T15:35:00 EDT" name="setup" finished-at="2020-07-01T15:35:10 EDT" duration-ms="9632" status="PASS">
          <params>
            <param index="0">
              <value>
                <![CDATA[org.testng.TestRunner@633c0a61]]>
              </value>
            </param>
          </params>
          <reporter-output>
          </reporter-output>
        </test-method> <!-- setup -->
        <test-method signature="testEditSafetyStockByNodeItemAttribute()[pri:9, instance:com.gsicommerce.romui.selenium.tests.SafetyStockConfigsTests@5542c4ed]" started-at="2020-07-01T15:35:10 EDT" name="testEditSafetyStockByNodeItemAttribute" description="to Verify edit Safety stock through NodeItemAttribute in Manage Safety Stock Configuration page" finished-at="2020-07-01T15:35:57 EDT" duration-ms="47060" status="PASS">
          <reporter-output>
            <line>
              <![CDATA[There is no page limit option displayed]]>
            </line>
            <line>
              <![CDATA[page limit drop down value is selected]]>
            </line>
            <line>
              <![CDATA[There is no page limit option displayed]]>
            </line>
            <line>
              <![CDATA[page limit drop down value is selected]]>
            </line>
            <line>
              <![CDATA[Getting the column value of the first row]]>
            </line>
            <line>
              <![CDATA[Getting the column value of the first row]]>
            </line>
            <line>
              <![CDATA[View Order icon is clicked on]]>
            </line>
          </reporter-output>
        </test-method> <!-- testEditSafetyStockByNodeItemAttribute -->
        <test-method is-config="true" signature="tearDown(org.testng.ITestResult)[pri:0, instance:com.gsicommerce.romui.selenium.tests.SafetyStockConfigsTests@5542c4ed]" started-at="2020-07-01T15:35:57 EDT" name="tearDown" finished-at="2020-07-01T15:35:57 EDT" duration-ms="633" status="PASS">
          <params>
            <param index="0">
              <value>
                <![CDATA[[TestResult name=testEditSafetyStockByNodeItemAttribute status=SUCCESS method=SafetyStockConfigsTests.testEditSafetyStockByNodeItemAttribute()[pri:9, instance:com.gsicommerce.romui.selenium.tests.SafetyStockConfigsTests@5542c4ed] output=There is no page limit option displayed]]]>
              </value>
            </param>
          </params>
          <reporter-output>
          </reporter-output>
        </test-method> <!-- tearDown -->
        <test-method is-config="true" signature="setup(org.testng.ITestContext)[pri:0, instance:com.gsicommerce.romui.selenium.tests.SafetyStockConfigsTests@5542c4ed]" started-at="2020-07-01T15:35:57 EDT" name="setup" finished-at="2020-07-01T15:36:07 EDT" duration-ms="9658" status="PASS">
          <params>
            <param index="0">
              <value>
                <![CDATA[org.testng.TestRunner@633c0a61]]>
              </value>
            </param>
          </params>
          <reporter-output>
          </reporter-output>
        </test-method> <!-- setup -->
        <test-method signature="testDeleteSafetyStockByNodeItemAttribute()[pri:10, instance:com.gsicommerce.romui.selenium.tests.SafetyStockConfigsTests@5542c4ed]" started-at="2020-07-01T15:36:07 EDT" name="testDeleteSafetyStockByNodeItemAttribute" description="to Verify delete Safety stock through NodeItemAttributeNode in Manage Safety Stock Configuration page" finished-at="2020-07-01T15:36:50 EDT" duration-ms="42845" status="PASS">
          <reporter-output>
            <line>
              <![CDATA[There is no page limit option displayed]]>
            </line>
            <line>
              <![CDATA[page limit drop down value is selected]]>
            </line>
            <line>
              <![CDATA[There is no page limit option displayed]]>
            </line>
            <line>
              <![CDATA[page limit drop down value is selected]]>
            </line>
            <line>
              <![CDATA[Getting the column value of the first row]]>
            </line>
            <line>
              <![CDATA[Getting the column value of the first row]]>
            </line>
            <line>
              <![CDATA[Action icon for span element is clicked on]]>
            </line>
          </reporter-output>
        </test-method> <!-- testDeleteSafetyStockByNodeItemAttribute -->
        <test-method is-config="true" signature="tearDown(org.testng.ITestResult)[pri:0, instance:com.gsicommerce.romui.selenium.tests.SafetyStockConfigsTests@5542c4ed]" started-at="2020-07-01T15:36:50 EDT" name="tearDown" finished-at="2020-07-01T15:36:50 EDT" duration-ms="631" status="PASS">
          <params>
            <param index="0">
              <value>
                <![CDATA[[TestResult name=testDeleteSafetyStockByNodeItemAttribute status=SUCCESS method=SafetyStockConfigsTests.testDeleteSafetyStockByNodeItemAttribute()[pri:10, instance:com.gsicommerce.romui.selenium.tests.SafetyStockConfigsTests@5542c4ed] output=There is no page limit option displayed]]]>
              </value>
            </param>
          </params>
          <reporter-output>
          </reporter-output>
        </test-method> <!-- tearDown -->
        <test-method is-config="true" signature="setup(org.testng.ITestContext)[pri:0, instance:com.gsicommerce.romui.selenium.tests.SafetyStockConfigsTests@5542c4ed]" started-at="2020-07-01T15:36:50 EDT" name="setup" finished-at="2020-07-01T15:37:02 EDT" duration-ms="11689" status="PASS">
          <params>
            <param index="0">
              <value>
                <![CDATA[org.testng.TestRunner@633c0a61]]>
              </value>
            </param>
          </params>
          <reporter-output>
          </reporter-output>
        </test-method> <!-- setup -->
        <test-method signature="testEditSafetyStockByNodeTypeItemAttribute()[pri:12, instance:com.gsicommerce.romui.selenium.tests.SafetyStockConfigsTests@5542c4ed]" started-at="2020-07-01T15:37:02 EDT" name="testEditSafetyStockByNodeTypeItemAttribute" description="to Verify edit Safety stock through NodeTypeItemAttribute in Manage Safety Stock Configuration page" finished-at="2020-07-01T15:37:39 EDT" duration-ms="36469" status="PASS">
          <reporter-output>
            <line>
              <![CDATA[There is no page limit option displayed]]>
            </line>
            <line>
              <![CDATA[page limit drop down value is selected]]>
            </line>
            <line>
              <![CDATA[Getting the column value of the first row]]>
            </line>
            <line>
              <![CDATA[Getting the column value of the first row]]>
            </line>
            <line>
              <![CDATA[View Order icon is clicked on]]>
            </line>
          </reporter-output>
        </test-method> <!-- testEditSafetyStockByNodeTypeItemAttribute -->
        <test-method is-config="true" signature="tearDown(org.testng.ITestResult)[pri:0, instance:com.gsicommerce.romui.selenium.tests.SafetyStockConfigsTests@5542c4ed]" started-at="2020-07-01T15:37:39 EDT" name="tearDown" finished-at="2020-07-01T15:37:40 EDT" duration-ms="1099" status="PASS">
          <params>
            <param index="0">
              <value>
                <![CDATA[[TestResult name=testEditSafetyStockByNodeTypeItemAttribute status=SUCCESS method=SafetyStockConfigsTests.testEditSafetyStockByNodeTypeItemAttribute()[pri:12, instance:com.gsicommerce.romui.selenium.tests.SafetyStockConfigsTests@5542c4ed] output=There is no page limit option displayed]]]>
              </value>
            </param>
          </params>
          <reporter-output>
          </reporter-output>
        </test-method> <!-- tearDown -->
        <test-method is-config="true" signature="setup(org.testng.ITestContext)[pri:0, instance:com.gsicommerce.romui.selenium.tests.SafetyStockConfigsTests@5542c4ed]" started-at="2020-07-01T15:37:40 EDT" name="setup" finished-at="2020-07-01T15:37:49 EDT" duration-ms="9705" status="PASS">
          <params>
            <param index="0">
              <value>
                <![CDATA[org.testng.TestRunner@633c0a61]]>
              </value>
            </param>
          </params>
          <reporter-output>
          </reporter-output>
        </test-method> <!-- setup -->
        <test-method signature="testDeleteSafetyStockByNodeTypeItemAttribute()[pri:13, instance:com.gsicommerce.romui.selenium.tests.SafetyStockConfigsTests@5542c4ed]" started-at="2020-07-01T15:37:49 EDT" name="testDeleteSafetyStockByNodeTypeItemAttribute" description="to Verify delete Safety stock through NodeTypeItemAttribute in Manage Safety Stock Configuration page" finished-at="2020-07-01T15:38:11 EDT" duration-ms="21413" status="FAIL">
          <exception class="org.openqa.selenium.ElementNotInteractableException">
            <message>
              <![CDATA[element not interactable
  (Session info: chrome=83.0.4103.116)
Build info: version: '3.141.59', revision: 'e82be7d358', time: '2018-11-14T08:17:03'
System info: host: 'KOP-BM5TNF2', ip: '10.140.132.212', os.name: 'Windows 10', os.arch: 'amd64', os.version: '10.0', java.version: '12.0.2'
Driver info: org.openqa.selenium.chrome.ChromeDriver
Capabilities {acceptInsecureCerts: false, browserName: chrome, browserVersion: 83.0.4103.116, chrome: {chromedriverVersion: 83.0.4103.39 (ccbf011cb2d2b..., userDataDir: C:\Users\shedubey\AppData\L...}, goog:chromeOptions: {debuggerAddress: localhost:50858}, javascriptEnabled: true, networkConnectionEnabled: false, pageLoadStrategy: normal, platform: WINDOWS, platformName: WINDOWS, proxy: Proxy(), setWindowRect: true, strictFileInteractability: false, timeouts: {implicit: 0, pageLoad: 300000, script: 30000}, unhandledPromptBehavior: dismiss and notify, webauthn:virtualAuthenticators: true}
Session ID: bd12b6dc8ced175f6c0932f79133432f]]>
            </message>
            <full-stacktrace>
              <![CDATA[org.openqa.selenium.ElementNotInteractableException: element not interactable
  (Session info: chrome=83.0.4103.116)
Build info: version: '3.141.59', revision: 'e82be7d358', time: '2018-11-14T08:17:03'
System info: host: 'KOP-BM5TNF2', ip: '10.140.132.212', os.name: 'Windows 10', os.arch: 'amd64', os.version: '10.0', java.version: '12.0.2'
Driver info: org.openqa.selenium.chrome.ChromeDriver
Capabilities {acceptInsecureCerts: false, browserName: chrome, browserVersion: 83.0.4103.116, chrome: {chromedriverVersion: 83.0.4103.39 (ccbf011cb2d2b..., userDataDir: C:\Users\shedubey\AppData\L...}, goog:chromeOptions: {debuggerAddress: localhost:50858}, javascriptEnabled: true, networkConnectionEnabled: false, pageLoadStrategy: normal, platform: WINDOWS, platformName: WINDOWS, proxy: Proxy(), setWindowRect: true, strictFileInteractability: false, timeouts: {implicit: 0, pageLoad: 300000, script: 30000}, unhandledPromptBehavior: dismiss and notify, webauthn:virtualAuthenticators: true}
Session ID: bd12b6dc8ced175f6c0932f79133432f
at java.base/jdk.internal.reflect.NativeConstructorAccessorImpl.newInstance0(Native Method)
at java.base/jdk.internal.reflect.NativeConstructorAccessorImpl.newInstance(NativeConstructorAccessorImpl.java:62)
at java.base/jdk.internal.reflect.DelegatingConstructorAccessorImpl.newInstance(DelegatingConstructorAccessorImpl.java:45)
at java.base/java.lang.reflect.Constructor.newInstanceWithCaller(Constructor.java:500)
at java.base/java.lang.reflect.Constructor.newInstance(Constructor.java:481)
at org.openqa.selenium.remote.http.W3CHttpResponseCodec.createException(W3CHttpResponseCodec.java:187)
at org.openqa.selenium.remote.http.W3CHttpResponseCodec.decode(W3CHttpResponseCodec.java:122)
at org.openqa.selenium.remote.http.W3CHttpResponseCodec.decode(W3CHttpResponseCodec.java:49)
at org.openqa.selenium.remote.HttpCommandExecutor.execute(HttpCommandExecutor.java:158)
at org.openqa.selenium.remote.service.DriverCommandExecutor.execute(DriverCommandExecutor.java:83)
at org.openqa.selenium.remote.RemoteWebDriver.execute(RemoteWebDriver.java:552)
at org.openqa.selenium.remote.RemoteWebElement.execute(RemoteWebElement.java:285)
at org.openqa.selenium.remote.RemoteWebElement.click(RemoteWebElement.java:84)
at java.base/jdk.internal.reflect.NativeMethodAccessorImpl.invoke0(Native Method)
at java.base/jdk.internal.reflect.NativeMethodAccessorImpl.invoke(NativeMethodAccessorImpl.java:62)
at java.base/jdk.internal.reflect.DelegatingMethodAccessorImpl.invoke(DelegatingMethodAccessorImpl.java:43)
at java.base/java.lang.reflect.Method.invoke(Method.java:567)
at org.openqa.selenium.support.pagefactory.internal.LocatingElementHandler.invoke(LocatingElementHandler.java:51)
at com.sun.proxy.$Proxy14.click(Unknown Source)
at com.gsicommerce.romui.selenium.pages.ordermanagement.OrderManagementMenusPage.clickOnSafetyStockConfig(OrderManagementMenusPage.java:267)
at com.gsicommerce.romui.selenium.tests.SafetyStockConfigsTests.testDeleteSafetyStockByNodeTypeItemAttribute(SafetyStockConfigsTests.java:224)
at java.base/jdk.internal.reflect.NativeMethodAccessorImpl.invoke0(Native Method)
at java.base/jdk.internal.reflect.NativeMethodAccessorImpl.invoke(NativeMethodAccessorImpl.java:62)
at java.base/jdk.internal.reflect.DelegatingMethodAccessorImpl.invoke(DelegatingMethodAccessorImpl.java:43)
at java.base/java.lang.reflect.Method.invoke(Method.java:567)
at org.testng.internal.MethodInvocationHelper.invokeMethod(MethodInvocationHelper.java:135)
at org.testng.internal.TestInvoker.invokeMethod(TestInvoker.java:598)
at org.testng.internal.TestInvoker.invokeTestMethod(TestInvoker.java:174)
at org.testng.internal.MethodRunner.runInSequence(MethodRunner.java:46)
at org.testng.internal.TestInvoker$MethodInvocationAgent.invoke(TestInvoker.java:821)
at org.testng.internal.TestInvoker.invokeTestMethods(TestInvoker.java:147)
at org.testng.internal.TestMethodWorker.invokeTestMethods(TestMethodWorker.java:146)
at org.testng.internal.TestMethodWorker.run(TestMethodWorker.java:128)
at java.base/java.util.ArrayList.forEach(ArrayList.java:1540)
at org.testng.TestRunner.privateRun(TestRunner.java:767)
at org.testng.TestRunner.run(TestRunner.java:588)
at org.testng.SuiteRunner.runTest(SuiteRunner.java:384)
at org.testng.SuiteRunner.runSequentially(SuiteRunner.java:378)
at org.testng.SuiteRunner.privateRun(SuiteRunner.java:337)
at org.testng.SuiteRunner.run(SuiteRunner.java:286)
at org.testng.SuiteRunnerWorker.runSuite(SuiteRunnerWorker.java:53)
at org.testng.SuiteRunnerWorker.run(SuiteRunnerWorker.java:96)
at org.testng.TestNG.runSuitesSequentially(TestNG.java:1214)
at org.testng.TestNG.runSuitesLocally(TestNG.java:1136)
at org.testng.TestNG.runSuites(TestNG.java:1066)
at org.testng.TestNG.run(TestNG.java:1034)
at org.testng.remote.AbstractRemoteTestNG.run(AbstractRemoteTestNG.java:115)
at org.testng.remote.RemoteTestNG.initAndRun(RemoteTestNG.java:251)
at org.testng.remote.RemoteTestNG.main(RemoteTestNG.java:77)
]]>
            </full-stacktrace>
          </exception> <!-- org.openqa.selenium.ElementNotInteractableException -->
          <reporter-output>
          </reporter-output>
        </test-method> <!-- testDeleteSafetyStockByNodeTypeItemAttribute -->
        <test-method is-config="true" signature="tearDown(org.testng.ITestResult)[pri:0, instance:com.gsicommerce.romui.selenium.tests.SafetyStockConfigsTests@5542c4ed]" started-at="2020-07-01T15:38:11 EDT" name="tearDown" finished-at="2020-07-01T15:38:13 EDT" duration-ms="1892" status="PASS">
          <params>
            <param index="0">
              <value>
                <![CDATA[[TestResult name=testDeleteSafetyStockByNodeTypeItemAttribute status=FAILURE method=SafetyStockConfigsTests.testDeleteSafetyStockByNodeTypeItemAttribute()[pri:13, instance:com.gsicommerce.romui.selenium.tests.SafetyStockConfigsTests@5542c4ed] output={null}]]]>
              </value>
            </param>
          </params>
          <reporter-output>
          </reporter-output>
        </test-method> <!-- tearDown -->
        <test-method is-config="true" signature="setup(org.testng.ITestContext)[pri:0, instance:com.gsicommerce.romui.selenium.tests.SafetyStockConfigsTests@5542c4ed]" started-at="2020-07-01T15:38:13 EDT" name="setup" finished-at="2020-07-01T15:38:25 EDT" duration-ms="12088" status="PASS">
          <params>
            <param index="0">
              <value>
                <![CDATA[org.testng.TestRunner@633c0a61]]>
              </value>
            </param>
          </params>
          <reporter-output>
          </reporter-output>
        </test-method> <!-- setup -->
        <test-method signature="testEditSafetyStockByGLOBALNODETYPE()[pri:15, instance:com.gsicommerce.romui.selenium.tests.SafetyStockConfigsTests@5542c4ed]" started-at="2020-07-01T15:38:25 EDT" name="testEditSafetyStockByGLOBALNODETYPE" description="to Verify edit Safety stock through GLOBALNODETYPE in Manage Safety Stock Configuration page" finished-at="2020-07-01T15:38:58 EDT" duration-ms="33143" status="PASS">
          <reporter-output>
            <line>
              <![CDATA[There is no page limit option displayed]]>
            </line>
            <line>
              <![CDATA[page limit drop down value is selected]]>
            </line>
            <line>
              <![CDATA[Getting the column value of the first row]]>
            </line>
            <line>
              <![CDATA[Getting the column value of the first row]]>
            </line>
            <line>
              <![CDATA[View Order icon is clicked on]]>
            </line>
          </reporter-output>
        </test-method> <!-- testEditSafetyStockByGLOBALNODETYPE -->
        <test-method is-config="true" signature="tearDown(org.testng.ITestResult)[pri:0, instance:com.gsicommerce.romui.selenium.tests.SafetyStockConfigsTests@5542c4ed]" started-at="2020-07-01T15:38:58 EDT" name="tearDown" finished-at="2020-07-01T15:38:59 EDT" duration-ms="691" status="PASS">
          <params>
            <param index="0">
              <value>
                <![CDATA[[TestResult name=testEditSafetyStockByGLOBALNODETYPE status=SUCCESS method=SafetyStockConfigsTests.testEditSafetyStockByGLOBALNODETYPE()[pri:15, instance:com.gsicommerce.romui.selenium.tests.SafetyStockConfigsTests@5542c4ed] output=There is no page limit option displayed]]]>
              </value>
            </param>
          </params>
          <reporter-output>
          </reporter-output>
        </test-method> <!-- tearDown -->
        <test-method is-config="true" signature="setup(org.testng.ITestContext)[pri:0, instance:com.gsicommerce.romui.selenium.tests.SafetyStockConfigsTests@5542c4ed]" started-at="2020-07-01T15:38:59 EDT" name="setup" finished-at="2020-07-01T15:39:09 EDT" duration-ms="10191" status="PASS">
          <params>
            <param index="0">
              <value>
                <![CDATA[org.testng.TestRunner@633c0a61]]>
              </value>
            </param>
          </params>
          <reporter-output>
          </reporter-output>
        </test-method> <!-- setup -->
        <test-method signature="testDeleteSafetyStockByGLOBALNODETYPE()[pri:16, instance:com.gsicommerce.romui.selenium.tests.SafetyStockConfigsTests@5542c4ed]" started-at="2020-07-01T15:39:09 EDT" name="testDeleteSafetyStockByGLOBALNODETYPE" description="to Verify delete Safety stock through GLOBALNODETYPE in Manage Safety Stock Configuration page" finished-at="2020-07-01T15:39:38 EDT" duration-ms="29539" status="PASS">
          <reporter-output>
            <line>
              <![CDATA[There is no page limit option displayed]]>
            </line>
            <line>
              <![CDATA[page limit drop down value is selected]]>
            </line>
            <line>
              <![CDATA[Getting the column value of the first row]]>
            </line>
            <line>
              <![CDATA[Getting the column value of the first row]]>
            </line>
            <line>
              <![CDATA[Action icon for span element is clicked on]]>
            </line>
          </reporter-output>
        </test-method> <!-- testDeleteSafetyStockByGLOBALNODETYPE -->
        <test-method is-config="true" signature="tearDown(org.testng.ITestResult)[pri:0, instance:com.gsicommerce.romui.selenium.tests.SafetyStockConfigsTests@5542c4ed]" started-at="2020-07-01T15:39:38 EDT" name="tearDown" finished-at="2020-07-01T15:39:39 EDT" duration-ms="639" status="PASS">
          <params>
            <param index="0">
              <value>
                <![CDATA[[TestResult name=testDeleteSafetyStockByGLOBALNODETYPE status=SUCCESS method=SafetyStockConfigsTests.testDeleteSafetyStockByGLOBALNODETYPE()[pri:16, instance:com.gsicommerce.romui.selenium.tests.SafetyStockConfigsTests@5542c4ed] output=There is no page limit option displayed]]]>
              </value>
            </param>
          </params>
          <reporter-output>
          </reporter-output>
        </test-method> <!-- tearDown -->
        <test-method is-config="true" signature="setup(org.testng.ITestContext)[pri:0, instance:com.gsicommerce.romui.selenium.tests.SafetyStockConfigsTests@5542c4ed]" started-at="2020-07-01T15:39:39 EDT" name="setup" finished-at="2020-07-01T15:39:49 EDT" duration-ms="9701" status="PASS">
          <params>
            <param index="0">
              <value>
                <![CDATA[org.testng.TestRunner@633c0a61]]>
              </value>
            </param>
          </params>
          <reporter-output>
          </reporter-output>
        </test-method> <!-- setup -->
        <test-method signature="testSafetyStockSearchBy()[pri:23, instance:com.gsicommerce.romui.selenium.tests.SafetyStockConfigsTests@5542c4ed]" started-at="2020-07-01T15:39:49 EDT" name="testSafetyStockSearchBy" description="to Verify Safety stock is searched through type in Manage Safety Stock Configuration page" finished-at="2020-07-01T15:40:29 EDT" duration-ms="40240" status="FAIL">
          <exception class="org.openqa.selenium.NoSuchElementException">
            <message>
              <![CDATA[no such element: Unable to locate element: {"method":"css selector","selector":".reflow-table"}
  (Session info: chrome=83.0.4103.116)
For documentation on this error, please visit: https://www.seleniumhq.org/exceptions/no_such_element.html
Build info: version: '3.141.59', revision: 'e82be7d358', time: '2018-11-14T08:17:03'
System info: host: 'KOP-BM5TNF2', ip: '10.140.132.212', os.name: 'Windows 10', os.arch: 'amd64', os.version: '10.0', java.version: '12.0.2'
Driver info: org.openqa.selenium.chrome.ChromeDriver
Capabilities {acceptInsecureCerts: false, browserName: chrome, browserVersion: 83.0.4103.116, chrome: {chromedriverVersion: 83.0.4103.39 (ccbf011cb2d2b..., userDataDir: C:\Users\shedubey\AppData\L...}, goog:chromeOptions: {debuggerAddress: localhost:51038}, javascriptEnabled: true, networkConnectionEnabled: false, pageLoadStrategy: normal, platform: WINDOWS, platformName: WINDOWS, proxy: Proxy(), setWindowRect: true, strictFileInteractability: false, timeouts: {implicit: 0, pageLoad: 300000, script: 30000}, unhandledPromptBehavior: dismiss and notify, webauthn:virtualAuthenticators: true}
Session ID: debb64d72a0a2489f6a240c027b73e51
*** Element info: {Using=css selector, value=.reflow-table}]]>
            </message>
            <full-stacktrace>
              <![CDATA[org.openqa.selenium.NoSuchElementException: no such element: Unable to locate element: {"method":"css selector","selector":".reflow-table"}
  (Session info: chrome=83.0.4103.116)
For documentation on this error, please visit: https://www.seleniumhq.org/exceptions/no_such_element.html
Build info: version: '3.141.59', revision: 'e82be7d358', time: '2018-11-14T08:17:03'
System info: host: 'KOP-BM5TNF2', ip: '10.140.132.212', os.name: 'Windows 10', os.arch: 'amd64', os.version: '10.0', java.version: '12.0.2'
Driver info: org.openqa.selenium.chrome.ChromeDriver
Capabilities {acceptInsecureCerts: false, browserName: chrome, browserVersion: 83.0.4103.116, chrome: {chromedriverVersion: 83.0.4103.39 (ccbf011cb2d2b..., userDataDir: C:\Users\shedubey\AppData\L...}, goog:chromeOptions: {debuggerAddress: localhost:51038}, javascriptEnabled: true, networkConnectionEnabled: false, pageLoadStrategy: normal, platform: WINDOWS, platformName: WINDOWS, proxy: Proxy(), setWindowRect: true, strictFileInteractability: false, timeouts: {implicit: 0, pageLoad: 300000, script: 30000}, unhandledPromptBehavior: dismiss and notify, webauthn:virtualAuthenticators: true}
Session ID: debb64d72a0a2489f6a240c027b73e51
*** Element info: {Using=css selector, value=.reflow-table}
at java.base/jdk.internal.reflect.NativeConstructorAccessorImpl.newInstance0(Native Method)
at java.base/jdk.internal.reflect.NativeConstructorAccessorImpl.newInstance(NativeConstructorAccessorImpl.java:62)
at java.base/jdk.internal.reflect.DelegatingConstructorAccessorImpl.newInstance(DelegatingConstructorAccessorImpl.java:45)
at java.base/java.lang.reflect.Constructor.newInstanceWithCaller(Constructor.java:500)
at java.base/java.lang.reflect.Constructor.newInstance(Constructor.java:481)
at org.openqa.selenium.remote.http.W3CHttpResponseCodec.createException(W3CHttpResponseCodec.java:187)
at org.openqa.selenium.remote.http.W3CHttpResponseCodec.decode(W3CHttpResponseCodec.java:122)
at org.openqa.selenium.remote.http.W3CHttpResponseCodec.decode(W3CHttpResponseCodec.java:49)
at org.openqa.selenium.remote.HttpCommandExecutor.execute(HttpCommandExecutor.java:158)
at org.openqa.selenium.remote.service.DriverCommandExecutor.execute(DriverCommandExecutor.java:83)
at org.openqa.selenium.remote.RemoteWebDriver.execute(RemoteWebDriver.java:552)
at org.openqa.selenium.remote.RemoteWebDriver.findElement(RemoteWebDriver.java:323)
at org.openqa.selenium.remote.RemoteWebDriver.findElementByCssSelector(RemoteWebDriver.java:420)
at org.openqa.selenium.By$ByCssSelector.findElement(By.java:431)
at org.openqa.selenium.remote.RemoteWebDriver.findElement(RemoteWebDriver.java:315)
at org.openqa.selenium.support.pagefactory.DefaultElementLocator.findElement(DefaultElementLocator.java:69)
at org.openqa.selenium.support.pagefactory.internal.LocatingElementHandler.invoke(LocatingElementHandler.java:38)
at com.sun.proxy.$Proxy14.findElements(Unknown Source)
at com.gsicommerce.romui.selenium.utilities.Webtable.<init>(Webtable.java:25)
at com.gsicommerce.romui.selenium.pages.ordermanagement.CommonElementsPage.nodeWebTable(CommonElementsPage.java:84)
at com.gsicommerce.romui.selenium.pages.ordermanagement.CommonElementsPage.getTotalRows(CommonElementsPage.java:178)
at com.gsicommerce.romui.selenium.pages.ordermanagement.SafetyStockConfigsPage.verfiySafetyStockRecord(SafetyStockConfigsPage.java:423)
at com.gsicommerce.romui.selenium.tests.SafetyStockConfigsTests.testSafetyStockSearchBy(SafetyStockConfigsTests.java:430)
at java.base/jdk.internal.reflect.NativeMethodAccessorImpl.invoke0(Native Method)
at java.base/jdk.internal.reflect.NativeMethodAccessorImpl.invoke(NativeMethodAccessorImpl.java:62)
at java.base/jdk.internal.reflect.DelegatingMethodAccessorImpl.invoke(DelegatingMethodAccessorImpl.java:43)
at java.base/java.lang.reflect.Method.invoke(Method.java:567)
at org.testng.internal.MethodInvocationHelper.invokeMethod(MethodInvocationHelper.java:135)
at org.testng.internal.TestInvoker.invokeMethod(TestInvoker.java:598)
at org.testng.internal.TestInvoker.invokeTestMethod(TestInvoker.java:174)
at org.testng.internal.MethodRunner.runInSequence(MethodRunner.java:46)
at org.testng.internal.TestInvoker$MethodInvocationAgent.invoke(TestInvoker.java:821)
at org.testng.internal.TestInvoker.invokeTestMethods(TestInvoker.java:147)
at org.testng.internal.TestMethodWorker.invokeTestMethods(TestMethodWorker.java:146)
at org.testng.internal.TestMethodWorker.run(TestMethodWorker.java:128)
at java.base/java.util.ArrayList.forEach(ArrayList.java:1540)
at org.testng.TestRunner.privateRun(TestRunner.java:767)
at org.testng.TestRunner.run(TestRunner.java:588)
at org.testng.SuiteRunner.runTest(SuiteRunner.java:384)
at org.testng.SuiteRunner.runSequentially(SuiteRunner.java:378)
at org.testng.SuiteRunner.privateRun(SuiteRunner.java:337)
at org.testng.SuiteRunner.run(SuiteRunner.java:286)
at org.testng.SuiteRunnerWorker.runSuite(SuiteRunnerWorker.java:53)
at org.testng.SuiteRunnerWorker.run(SuiteRunnerWorker.java:96)
at org.testng.TestNG.runSuitesSequentially(TestNG.java:1214)
at org.testng.TestNG.runSuitesLocally(TestNG.java:1136)
at org.testng.TestNG.runSuites(TestNG.java:1066)
at org.testng.TestNG.run(TestNG.java:1034)
at org.testng.remote.AbstractRemoteTestNG.run(AbstractRemoteTestNG.java:115)
at org.testng.remote.RemoteTestNG.initAndRun(RemoteTestNG.java:251)
at org.testng.remote.RemoteTestNG.main(RemoteTestNG.java:77)
]]>
            </full-stacktrace>
          </exception> <!-- org.openqa.selenium.NoSuchElementException -->
          <reporter-output>
            <line>
              <![CDATA[Get Total No of Rows in the webtable]]>
            </line>
            <line>
              <![CDATA[Get Total No of Rows in the webtable]]>
            </line>
            <line>
              <![CDATA[Get Total No of Rows in the webtable]]>
            </line>
            <line>
              <![CDATA[Get Total No of Rows in the webtable]]>
            </line>
            <line>
              <![CDATA[Get Total No of Rows in the webtable]]>
            </line>
          </reporter-output>
        </test-method> <!-- testSafetyStockSearchBy -->
        <test-method is-config="true" signature="tearDown(org.testng.ITestResult)[pri:0, instance:com.gsicommerce.romui.selenium.tests.SafetyStockConfigsTests@5542c4ed]" started-at="2020-07-01T15:40:29 EDT" name="tearDown" finished-at="2020-07-01T15:40:30 EDT" duration-ms="1014" status="PASS">
          <params>
            <param index="0">
              <value>
                <![CDATA[[TestResult name=testSafetyStockSearchBy status=FAILURE method=SafetyStockConfigsTests.testSafetyStockSearchBy()[pri:23, instance:com.gsicommerce.romui.selenium.tests.SafetyStockConfigsTests@5542c4ed] output=Get Total No of Rows in the webtable]]]>
              </value>
            </param>
          </params>
          <reporter-output>
          </reporter-output>
        </test-method> <!-- tearDown -->
      </class> <!-- com.gsicommerce.romui.selenium.tests.SafetyStockConfigsTests -->
    </test> <!-- SafetyStockConfigsTests -->
  </suite> <!-- Suite -->
</testng-results>
