<?xml version="1.0" encoding="UTF-8"?>
<testng-results ignored="0" total="4" passed="3" failed="1" skipped="0">
  <reporter-output>
    <line>
      <![CDATA[Get Total No of Rows in the webtable]]>
    </line>
    <line>
      <![CDATA[There is no page limit option displayed]]>
    </line>
    <line>
      <![CDATA[page limit drop down value is selected]]>
    </line>
    <line>
      <![CDATA[Getting the column value of the first row]]>
    </line>
    <line>
      <![CDATA[View Order icon is clicked on]]>
    </line>
    <line>
      <![CDATA[page limit drop down value is selected]]>
    </line>
    <line>
      <![CDATA[page limit drop down value is selected]]>
    </line>
    <line>
      <![CDATA[Action icon is clicked on]]>
    </line>
    <line>
      <![CDATA[There is no page limit option displayed]]>
    </line>
    <line>
      <![CDATA[page limit drop down value is selected]]>
    </line>
    <line>
      <![CDATA[There is no page limit option displayed]]>
    </line>
    <line>
      <![CDATA[page limit drop down value is selected]]>
    </line>
    <line>
      <![CDATA[Action icon is clicked on]]>
    </line>
    <line>
      <![CDATA[There is no page limit option displayed]]>
    </line>
    <line>
      <![CDATA[page limit drop down value is selected]]>
    </line>
    <line>
      <![CDATA[Getting the column value of the first row]]>
    </line>
    <line>
      <![CDATA[View Order icon is clicked on]]>
    </line>
    <line>
      <![CDATA[There is no page limit option displayed]]>
    </line>
    <line>
      <![CDATA[page limit drop down value is selected]]>
    </line>
    <line>
      <![CDATA[Getting the column value of the first row]]>
    </line>
    <line>
      <![CDATA[View Order icon is clicked on]]>
    </line>
    <line>
      <![CDATA[page limit drop down value is selected]]>
    </line>
    <line>
      <![CDATA[page limit drop down value is selected]]>
    </line>
    <line>
      <![CDATA[Action icon is clicked on]]>
    </line>
    <line>
      <![CDATA[There is no page limit option displayed]]>
    </line>
    <line>
      <![CDATA[page limit drop down value is selected]]>
    </line>
    <line>
      <![CDATA[There is no page limit option displayed]]>
    </line>
    <line>
      <![CDATA[page limit drop down value is selected]]>
    </line>
    <line>
      <![CDATA[Action icon is clicked on]]>
    </line>
  </reporter-output>
  <suite started-at="2020-07-02T19:30:55 EDT" name="Suite" finished-at="2020-07-02T19:33:51 EDT" duration-ms="175863">
    <groups>
    </groups>
    <test started-at="2020-07-02T19:30:55 EDT" name="InventoryOrganizationTests" finished-at="2020-07-02T19:33:51 EDT" duration-ms="175863">
      <class name="com.gsicommerce.romui.selenium.tests.InventoryOrganizationTests">
        <test-method is-config="true" signature="setup(org.testng.ITestContext)[pri:0, instance:com.gsicommerce.romui.selenium.tests.InventoryOrganizationTests@557caf28]" started-at="2020-07-02T19:30:55 EDT" name="setup" finished-at="2020-07-02T19:31:06 EDT" duration-ms="10612" status="PASS">
          <params>
            <param index="0">
              <value>
                <![CDATA[org.testng.TestRunner@7e15f4d4]]>
              </value>
            </param>
          </params>
          <reporter-output>
          </reporter-output>
        </test-method> <!-- setup -->
        <test-method signature="testverfiyInventoryOrgsRecord()[pri:1, instance:com.gsicommerce.romui.selenium.tests.InventoryOrganizationTests@557caf28]" started-at="2020-07-02T19:31:06 EDT" name="testverfiyInventoryOrgsRecord" description="to Verify user able to see Inventory Organization records displayed" finished-at="2020-07-02T19:31:14 EDT" duration-ms="8094" status="PASS">
          <reporter-output>
            <line>
              <![CDATA[Get Total No of Rows in the webtable]]>
            </line>
          </reporter-output>
        </test-method> <!-- testverfiyInventoryOrgsRecord -->
        <test-method is-config="true" signature="tearDown(org.testng.ITestResult)[pri:0, instance:com.gsicommerce.romui.selenium.tests.InventoryOrganizationTests@557caf28]" started-at="2020-07-02T19:31:14 EDT" name="tearDown" finished-at="2020-07-02T19:31:14 EDT" duration-ms="0" status="PASS">
          <params>
            <param index="0">
              <value>
                <![CDATA[[TestResult name=testverfiyInventoryOrgsRecord status=SUCCESS method=InventoryOrganizationTests.testverfiyInventoryOrgsRecord()[pri:1, instance:com.gsicommerce.romui.selenium.tests.InventoryOrganizationTests@557caf28] output=Get Total No of Rows in the webtable]]]>
              </value>
            </param>
          </params>
          <reporter-output>
          </reporter-output>
        </test-method> <!-- tearDown -->
        <test-method is-config="true" signature="setup(org.testng.ITestContext)[pri:0, instance:com.gsicommerce.romui.selenium.tests.InventoryOrganizationTests@557caf28]" started-at="2020-07-02T19:31:14 EDT" name="setup" finished-at="2020-07-02T19:31:24 EDT" duration-ms="10082" status="PASS">
          <params>
            <param index="0">
              <value>
                <![CDATA[org.testng.TestRunner@7e15f4d4]]>
              </value>
            </param>
          </params>
          <reporter-output>
          </reporter-output>
        </test-method> <!-- setup -->
        <test-method signature="testEditInventoryOrgs()[pri:2, instance:com.gsicommerce.romui.selenium.tests.InventoryOrganizationTests@557caf28]" started-at="2020-07-02T19:31:24 EDT" name="testEditInventoryOrgs" description="to Verify user able to Edit Inventory Organization " finished-at="2020-07-02T19:32:13 EDT" duration-ms="49071" status="PASS">
          <reporter-output>
            <line>
              <![CDATA[There is no page limit option displayed]]>
            </line>
            <line>
              <![CDATA[page limit drop down value is selected]]>
            </line>
            <line>
              <![CDATA[Getting the column value of the first row]]>
            </line>
            <line>
              <![CDATA[View Order icon is clicked on]]>
            </line>
            <line>
              <![CDATA[page limit drop down value is selected]]>
            </line>
            <line>
              <![CDATA[page limit drop down value is selected]]>
            </line>
            <line>
              <![CDATA[Action icon is clicked on]]>
            </line>
            <line>
              <![CDATA[There is no page limit option displayed]]>
            </line>
            <line>
              <![CDATA[page limit drop down value is selected]]>
            </line>
            <line>
              <![CDATA[There is no page limit option displayed]]>
            </line>
            <line>
              <![CDATA[page limit drop down value is selected]]>
            </line>
            <line>
              <![CDATA[Action icon is clicked on]]>
            </line>
          </reporter-output>
        </test-method> <!-- testEditInventoryOrgs -->
        <test-method is-config="true" signature="setup(org.testng.ITestContext)[pri:0, instance:com.gsicommerce.romui.selenium.tests.InventoryOrganizationTests@557caf28]" started-at="2020-07-02T19:32:13 EDT" name="setup" finished-at="2020-07-02T19:32:24 EDT" duration-ms="10502" status="PASS">
          <params>
            <param index="0">
              <value>
                <![CDATA[org.testng.TestRunner@7e15f4d4]]>
              </value>
            </param>
          </params>
          <reporter-output>
          </reporter-output>
        </test-method> <!-- setup -->
        <test-method is-config="true" signature="tearDown(org.testng.ITestResult)[pri:0, instance:com.gsicommerce.romui.selenium.tests.InventoryOrganizationTests@557caf28]" started-at="2020-07-02T19:32:13 EDT" name="tearDown" finished-at="2020-07-02T19:32:13 EDT" duration-ms="0" status="PASS">
          <params>
            <param index="0">
              <value>
                <![CDATA[[TestResult name=testEditInventoryOrgs status=SUCCESS method=InventoryOrganizationTests.testEditInventoryOrgs()[pri:2, instance:com.gsicommerce.romui.selenium.tests.InventoryOrganizationTests@557caf28] output=There is no page limit option displayed]]]>
              </value>
            </param>
          </params>
          <reporter-output>
          </reporter-output>
        </test-method> <!-- tearDown -->
        <test-method signature="testViewInventoryOrgsRecord()[pri:3, instance:com.gsicommerce.romui.selenium.tests.InventoryOrganizationTests@557caf28]" started-at="2020-07-02T19:32:24 EDT" name="testViewInventoryOrgsRecord" description="to Verify user able to view Inventory Organization " finished-at="2020-07-02T19:32:49 EDT" duration-ms="25268" status="FAIL">
          <exception class="java.lang.AssertionError">
            <message>
              <![CDATA[No Data found for Default Shipping Calendar ID expected [true] but found [false]]]>
            </message>
            <full-stacktrace>
              <![CDATA[java.lang.AssertionError: No Data found for Default Shipping Calendar ID expected [true] but found [false]
at org.testng.Assert.fail(Assert.java:97)
at org.testng.Assert.failNotEquals(Assert.java:968)
at org.testng.Assert.assertTrue(Assert.java:43)
at com.gsicommerce.romui.selenium.tests.InventoryOrganizationTests.testViewInventoryOrgsRecord(InventoryOrganizationTests.java:46)
at java.base/jdk.internal.reflect.NativeMethodAccessorImpl.invoke0(Native Method)
at java.base/jdk.internal.reflect.NativeMethodAccessorImpl.invoke(NativeMethodAccessorImpl.java:62)
at java.base/jdk.internal.reflect.DelegatingMethodAccessorImpl.invoke(DelegatingMethodAccessorImpl.java:43)
at java.base/java.lang.reflect.Method.invoke(Method.java:567)
at org.testng.internal.MethodInvocationHelper.invokeMethod(MethodInvocationHelper.java:135)
at org.testng.internal.TestInvoker.invokeMethod(TestInvoker.java:598)
at org.testng.internal.TestInvoker.invokeTestMethod(TestInvoker.java:174)
at org.testng.internal.MethodRunner.runInSequence(MethodRunner.java:46)
at org.testng.internal.TestInvoker$MethodInvocationAgent.invoke(TestInvoker.java:821)
at org.testng.internal.TestInvoker.invokeTestMethods(TestInvoker.java:147)
at org.testng.internal.TestMethodWorker.invokeTestMethods(TestMethodWorker.java:146)
at org.testng.internal.TestMethodWorker.run(TestMethodWorker.java:128)
at java.base/java.util.ArrayList.forEach(ArrayList.java:1540)
at org.testng.TestRunner.privateRun(TestRunner.java:767)
at org.testng.TestRunner.run(TestRunner.java:588)
at org.testng.SuiteRunner.runTest(SuiteRunner.java:384)
at org.testng.SuiteRunner.runSequentially(SuiteRunner.java:378)
at org.testng.SuiteRunner.privateRun(SuiteRunner.java:337)
at org.testng.SuiteRunner.run(SuiteRunner.java:286)
at org.testng.SuiteRunnerWorker.runSuite(SuiteRunnerWorker.java:53)
at org.testng.SuiteRunnerWorker.run(SuiteRunnerWorker.java:96)
at org.testng.TestNG.runSuitesSequentially(TestNG.java:1214)
at org.testng.TestNG.runSuitesLocally(TestNG.java:1136)
at org.testng.TestNG.runSuites(TestNG.java:1066)
at org.testng.TestNG.run(TestNG.java:1034)
at org.testng.remote.AbstractRemoteTestNG.run(AbstractRemoteTestNG.java:115)
at org.testng.remote.RemoteTestNG.initAndRun(RemoteTestNG.java:251)
at org.testng.remote.RemoteTestNG.main(RemoteTestNG.java:77)
]]>
            </full-stacktrace>
          </exception> <!-- java.lang.AssertionError -->
          <reporter-output>
            <line>
              <![CDATA[There is no page limit option displayed]]>
            </line>
            <line>
              <![CDATA[page limit drop down value is selected]]>
            </line>
            <line>
              <![CDATA[Getting the column value of the first row]]>
            </line>
            <line>
              <![CDATA[View Order icon is clicked on]]>
            </line>
          </reporter-output>
        </test-method> <!-- testViewInventoryOrgsRecord -->
        <test-method is-config="true" signature="tearDown(org.testng.ITestResult)[pri:0, instance:com.gsicommerce.romui.selenium.tests.InventoryOrganizationTests@557caf28]" started-at="2020-07-02T19:32:49 EDT" name="tearDown" finished-at="2020-07-02T19:32:50 EDT" duration-ms="616" status="PASS">
          <params>
            <param index="0">
              <value>
                <![CDATA[[TestResult name=testViewInventoryOrgsRecord status=FAILURE method=InventoryOrganizationTests.testViewInventoryOrgsRecord()[pri:3, instance:com.gsicommerce.romui.selenium.tests.InventoryOrganizationTests@557caf28] output=There is no page limit option displayed]]]>
              </value>
            </param>
          </params>
          <reporter-output>
          </reporter-output>
        </test-method> <!-- tearDown -->
        <test-method is-config="true" signature="setup(org.testng.ITestContext)[pri:0, instance:com.gsicommerce.romui.selenium.tests.InventoryOrganizationTests@557caf28]" started-at="2020-07-02T19:32:50 EDT" name="setup" finished-at="2020-07-02T19:33:01 EDT" duration-ms="11406" status="PASS">
          <params>
            <param index="0">
              <value>
                <![CDATA[org.testng.TestRunner@7e15f4d4]]>
              </value>
            </param>
          </params>
          <reporter-output>
          </reporter-output>
        </test-method> <!-- setup -->
        <test-method signature="testEditInventoryOrgsFromView()[pri:4, instance:com.gsicommerce.romui.selenium.tests.InventoryOrganizationTests@557caf28]" started-at="2020-07-02T19:33:01 EDT" name="testEditInventoryOrgsFromView" description="to Verify user able to Edit Inventory Organization data from View Page " finished-at="2020-07-02T19:33:51 EDT" duration-ms="50176" status="PASS">
          <reporter-output>
            <line>
              <![CDATA[There is no page limit option displayed]]>
            </line>
            <line>
              <![CDATA[page limit drop down value is selected]]>
            </line>
            <line>
              <![CDATA[Getting the column value of the first row]]>
            </line>
            <line>
              <![CDATA[View Order icon is clicked on]]>
            </line>
            <line>
              <![CDATA[page limit drop down value is selected]]>
            </line>
            <line>
              <![CDATA[page limit drop down value is selected]]>
            </line>
            <line>
              <![CDATA[Action icon is clicked on]]>
            </line>
            <line>
              <![CDATA[There is no page limit option displayed]]>
            </line>
            <line>
              <![CDATA[page limit drop down value is selected]]>
            </line>
            <line>
              <![CDATA[There is no page limit option displayed]]>
            </line>
            <line>
              <![CDATA[page limit drop down value is selected]]>
            </line>
            <line>
              <![CDATA[Action icon is clicked on]]>
            </line>
          </reporter-output>
        </test-method> <!-- testEditInventoryOrgsFromView -->
        <test-method is-config="true" signature="tearDown(org.testng.ITestResult)[pri:0, instance:com.gsicommerce.romui.selenium.tests.InventoryOrganizationTests@557caf28]" started-at="2020-07-02T19:33:51 EDT" name="tearDown" finished-at="2020-07-02T19:33:51 EDT" duration-ms="0" status="PASS">
          <params>
            <param index="0">
              <value>
                <![CDATA[[TestResult name=testEditInventoryOrgsFromView status=SUCCESS method=InventoryOrganizationTests.testEditInventoryOrgsFromView()[pri:4, instance:com.gsicommerce.romui.selenium.tests.InventoryOrganizationTests@557caf28] output=There is no page limit option displayed]]]>
              </value>
            </param>
          </params>
          <reporter-output>
          </reporter-output>
        </test-method> <!-- tearDown -->
      </class> <!-- com.gsicommerce.romui.selenium.tests.InventoryOrganizationTests -->
    </test> <!-- InventoryOrganizationTests -->
  </suite> <!-- Suite -->
</testng-results>
