<?xml version="1.0" encoding="UTF-8"?>
<testng-results ignored="0" total="4" passed="2" failed="2" skipped="0">
  <reporter-output>
    <line>
      <![CDATA[class com.sun.proxy.$Proxy15 cannot be cast to class org.openqa.selenium.By (com.sun.proxy.$Proxy15 and org.openqa.selenium.By are in unnamed module of loader 'app')]]>
    </line>
    <line>
      <![CDATA[class com.sun.proxy.$Proxy15 cannot be cast to class org.openqa.selenium.By (com.sun.proxy.$Proxy15 and org.openqa.selenium.By are in unnamed module of loader 'app')]]>
    </line>
    <line>
      <![CDATA[class com.sun.proxy.$Proxy15 cannot be cast to class org.openqa.selenium.By (com.sun.proxy.$Proxy15 and org.openqa.selenium.By are in unnamed module of loader 'app')]]>
    </line>
    <line>
      <![CDATA[class com.sun.proxy.$Proxy15 cannot be cast to class org.openqa.selenium.By (com.sun.proxy.$Proxy15 and org.openqa.selenium.By are in unnamed module of loader 'app')]]>
    </line>
  </reporter-output>
  <suite started-at="2020-05-14T01:23:26 EDT" name="Suite" finished-at="2020-05-14T01:25:00 EDT" duration-ms="93937">
    <groups>
    </groups>
    <test started-at="2020-05-14T01:23:26 EDT" name="PaymentMethodConfigTests" finished-at="2020-05-14T01:24:42 EDT" duration-ms="75761">
      <class name="com.gsicommerce.romui.selenium.tests.PaymentMethodConfigTests">
        <test-method is-config="true" signature="setup(org.testng.ITestContext)[pri:0, instance:com.gsicommerce.romui.selenium.tests.PaymentMethodConfigTests@411f53a0]" started-at="2020-05-14T01:23:26 EDT" name="setup" finished-at="2020-05-14T01:23:34 EDT" duration-ms="7984" status="PASS">
          <params>
            <param index="0">
              <value>
                <![CDATA[org.testng.TestRunner@75b38c36]]>
              </value>
            </param>
          </params>
          <reporter-output>
          </reporter-output>
        </test-method> <!-- setup -->
        <test-method signature="testAddPaymentConfig()[pri:1, instance:com.gsicommerce.romui.selenium.tests.PaymentMethodConfigTests@411f53a0]" started-at="2020-05-14T01:23:34 EDT" name="testAddPaymentConfig" description="to Verify Add PaymentMethod Configuration" finished-at="2020-05-14T01:23:57 EDT" duration-ms="22456" status="PASS">
          <reporter-output>
            <line>
              <![CDATA[class com.sun.proxy.$Proxy15 cannot be cast to class org.openqa.selenium.By (com.sun.proxy.$Proxy15 and org.openqa.selenium.By are in unnamed module of loader 'app')]]>
            </line>
          </reporter-output>
        </test-method> <!-- testAddPaymentConfig -->
        <test-method is-config="true" signature="tearDown(org.testng.ITestResult)[pri:0, instance:com.gsicommerce.romui.selenium.tests.PaymentMethodConfigTests@411f53a0]" started-at="2020-05-14T01:23:57 EDT" name="tearDown" finished-at="2020-05-14T01:23:57 EDT" duration-ms="658" status="PASS">
          <params>
            <param index="0">
              <value>
                <![CDATA[[TestResult name=testAddPaymentConfig status=SUCCESS method=PaymentMethodConfigTests.testAddPaymentConfig()[pri:1, instance:com.gsicommerce.romui.selenium.tests.PaymentMethodConfigTests@411f53a0] output=class com.sun.proxy.$Proxy15 cannot be cast to class org.openqa.selenium.By (com.sun.proxy.$Proxy15 and org.openqa.selenium.By are in unnamed module of loader 'app')]]]>
              </value>
            </param>
          </params>
          <reporter-output>
          </reporter-output>
        </test-method> <!-- tearDown -->
        <test-method is-config="true" signature="setup(org.testng.ITestContext)[pri:0, instance:com.gsicommerce.romui.selenium.tests.PaymentMethodConfigTests@411f53a0]" started-at="2020-05-14T01:23:57 EDT" name="setup" finished-at="2020-05-14T01:24:05 EDT" duration-ms="7832" status="PASS">
          <params>
            <param index="0">
              <value>
                <![CDATA[org.testng.TestRunner@75b38c36]]>
              </value>
            </param>
          </params>
          <reporter-output>
          </reporter-output>
        </test-method> <!-- setup -->
        <test-method signature="testEditPaymentConfig()[pri:2, instance:com.gsicommerce.romui.selenium.tests.PaymentMethodConfigTests@411f53a0]" started-at="2020-05-14T01:24:05 EDT" name="testEditPaymentConfig" description="to Verify Edit PaymentMethod Configuration" finished-at="2020-05-14T01:24:15 EDT" duration-ms="10175" status="FAIL">
          <exception class="org.openqa.selenium.NoSuchElementException">
            <message>
              <![CDATA[no such element: Unable to locate element: {"method":"css selector","selector":"[data-tooltip='Edit']"}
  (Session info: chrome=81.0.4044.138)
For documentation on this error, please visit: https://www.seleniumhq.org/exceptions/no_such_element.html
Build info: version: '3.141.59', revision: 'e82be7d358', time: '2018-11-14T08:17:03'
System info: host: 'KOP-BM5TNF2', ip: '10.140.135.78', os.name: 'Windows 10', os.arch: 'amd64', os.version: '10.0', java.version: '12.0.2'
Driver info: org.openqa.selenium.chrome.ChromeDriver
Capabilities {acceptInsecureCerts: false, browserName: chrome, browserVersion: 81.0.4044.138, chrome: {chromedriverVersion: 80.0.3987.106 (f68069574609..., userDataDir: C:\Users\shedubey\AppData\L...}, goog:chromeOptions: {debuggerAddress: localhost:52447}, javascriptEnabled: true, networkConnectionEnabled: false, pageLoadStrategy: normal, platform: WINDOWS, platformName: WINDOWS, proxy: Proxy(), setWindowRect: true, strictFileInteractability: false, timeouts: {implicit: 0, pageLoad: 300000, script: 30000}, unhandledPromptBehavior: dismiss and notify}
Session ID: fdcd0729824338c4c238aad383241a37
*** Element info: {Using=css selector, value=[data-tooltip='Edit']}]]>
            </message>
            <full-stacktrace>
              <![CDATA[org.openqa.selenium.NoSuchElementException: no such element: Unable to locate element: {"method":"css selector","selector":"[data-tooltip='Edit']"}
  (Session info: chrome=81.0.4044.138)
For documentation on this error, please visit: https://www.seleniumhq.org/exceptions/no_such_element.html
Build info: version: '3.141.59', revision: 'e82be7d358', time: '2018-11-14T08:17:03'
System info: host: 'KOP-BM5TNF2', ip: '10.140.135.78', os.name: 'Windows 10', os.arch: 'amd64', os.version: '10.0', java.version: '12.0.2'
Driver info: org.openqa.selenium.chrome.ChromeDriver
Capabilities {acceptInsecureCerts: false, browserName: chrome, browserVersion: 81.0.4044.138, chrome: {chromedriverVersion: 80.0.3987.106 (f68069574609..., userDataDir: C:\Users\shedubey\AppData\L...}, goog:chromeOptions: {debuggerAddress: localhost:52447}, javascriptEnabled: true, networkConnectionEnabled: false, pageLoadStrategy: normal, platform: WINDOWS, platformName: WINDOWS, proxy: Proxy(), setWindowRect: true, strictFileInteractability: false, timeouts: {implicit: 0, pageLoad: 300000, script: 30000}, unhandledPromptBehavior: dismiss and notify}
Session ID: fdcd0729824338c4c238aad383241a37
*** Element info: {Using=css selector, value=[data-tooltip='Edit']}
at java.base/jdk.internal.reflect.NativeConstructorAccessorImpl.newInstance0(Native Method)
at java.base/jdk.internal.reflect.NativeConstructorAccessorImpl.newInstance(NativeConstructorAccessorImpl.java:62)
at java.base/jdk.internal.reflect.DelegatingConstructorAccessorImpl.newInstance(DelegatingConstructorAccessorImpl.java:45)
at java.base/java.lang.reflect.Constructor.newInstanceWithCaller(Constructor.java:500)
at java.base/java.lang.reflect.Constructor.newInstance(Constructor.java:481)
at org.openqa.selenium.remote.http.W3CHttpResponseCodec.createException(W3CHttpResponseCodec.java:187)
at org.openqa.selenium.remote.http.W3CHttpResponseCodec.decode(W3CHttpResponseCodec.java:122)
at org.openqa.selenium.remote.http.W3CHttpResponseCodec.decode(W3CHttpResponseCodec.java:49)
at org.openqa.selenium.remote.HttpCommandExecutor.execute(HttpCommandExecutor.java:158)
at org.openqa.selenium.remote.service.DriverCommandExecutor.execute(DriverCommandExecutor.java:83)
at org.openqa.selenium.remote.RemoteWebDriver.execute(RemoteWebDriver.java:552)
at org.openqa.selenium.remote.RemoteWebDriver.findElement(RemoteWebDriver.java:323)
at org.openqa.selenium.remote.RemoteWebDriver.findElementByCssSelector(RemoteWebDriver.java:420)
at org.openqa.selenium.By$ByCssSelector.findElement(By.java:431)
at org.openqa.selenium.remote.RemoteWebDriver.findElement(RemoteWebDriver.java:315)
at org.openqa.selenium.support.pagefactory.DefaultElementLocator.findElement(DefaultElementLocator.java:69)
at org.openqa.selenium.support.pagefactory.internal.LocatingElementHandler.invoke(LocatingElementHandler.java:38)
at com.sun.proxy.$Proxy14.click(Unknown Source)
at com.gsicommerce.romui.selenium.pages.ordermanagement.PaymentMethodConfigPage.editPaymentMethodConfig(PaymentMethodConfigPage.java:168)
at com.gsicommerce.romui.selenium.tests.PaymentMethodConfigTests.testEditPaymentConfig(PaymentMethodConfigTests.java:23)
at java.base/jdk.internal.reflect.NativeMethodAccessorImpl.invoke0(Native Method)
at java.base/jdk.internal.reflect.NativeMethodAccessorImpl.invoke(NativeMethodAccessorImpl.java:62)
at java.base/jdk.internal.reflect.DelegatingMethodAccessorImpl.invoke(DelegatingMethodAccessorImpl.java:43)
at java.base/java.lang.reflect.Method.invoke(Method.java:567)
at org.testng.internal.MethodInvocationHelper.invokeMethod(MethodInvocationHelper.java:135)
at org.testng.internal.TestInvoker.invokeMethod(TestInvoker.java:598)
at org.testng.internal.TestInvoker.invokeTestMethod(TestInvoker.java:174)
at org.testng.internal.MethodRunner.runInSequence(MethodRunner.java:46)
at org.testng.internal.TestInvoker$MethodInvocationAgent.invoke(TestInvoker.java:821)
at org.testng.internal.TestInvoker.invokeTestMethods(TestInvoker.java:147)
at org.testng.internal.TestMethodWorker.invokeTestMethods(TestMethodWorker.java:146)
at org.testng.internal.TestMethodWorker.run(TestMethodWorker.java:128)
at java.base/java.util.ArrayList.forEach(ArrayList.java:1540)
at org.testng.TestRunner.privateRun(TestRunner.java:767)
at org.testng.TestRunner.run(TestRunner.java:588)
at org.testng.SuiteRunner.runTest(SuiteRunner.java:384)
at org.testng.SuiteRunner.runSequentially(SuiteRunner.java:378)
at org.testng.SuiteRunner.privateRun(SuiteRunner.java:337)
at org.testng.SuiteRunner.run(SuiteRunner.java:286)
at org.testng.SuiteRunnerWorker.runSuite(SuiteRunnerWorker.java:53)
at org.testng.SuiteRunnerWorker.run(SuiteRunnerWorker.java:96)
at org.testng.TestNG.runSuitesSequentially(TestNG.java:1214)
at org.testng.TestNG.runSuitesLocally(TestNG.java:1136)
at org.testng.TestNG.runSuites(TestNG.java:1066)
at org.testng.TestNG.run(TestNG.java:1034)
at org.testng.remote.AbstractRemoteTestNG.run(AbstractRemoteTestNG.java:115)
at org.testng.remote.RemoteTestNG.initAndRun(RemoteTestNG.java:251)
at org.testng.remote.RemoteTestNG.main(RemoteTestNG.java:77)
]]>
            </full-stacktrace>
          </exception> <!-- org.openqa.selenium.NoSuchElementException -->
          <reporter-output>
            <line>
              <![CDATA[class com.sun.proxy.$Proxy15 cannot be cast to class org.openqa.selenium.By (com.sun.proxy.$Proxy15 and org.openqa.selenium.By are in unnamed module of loader 'app')]]>
            </line>
          </reporter-output>
        </test-method> <!-- testEditPaymentConfig -->
        <test-method is-config="true" signature="tearDown(org.testng.ITestResult)[pri:0, instance:com.gsicommerce.romui.selenium.tests.PaymentMethodConfigTests@411f53a0]" started-at="2020-05-14T01:24:15 EDT" name="tearDown" finished-at="2020-05-14T01:24:16 EDT" duration-ms="1103" status="PASS">
          <params>
            <param index="0">
              <value>
                <![CDATA[[TestResult name=testEditPaymentConfig status=FAILURE method=PaymentMethodConfigTests.testEditPaymentConfig()[pri:2, instance:com.gsicommerce.romui.selenium.tests.PaymentMethodConfigTests@411f53a0] output=class com.sun.proxy.$Proxy15 cannot be cast to class org.openqa.selenium.By (com.sun.proxy.$Proxy15 and org.openqa.selenium.By are in unnamed module of loader 'app')]]]>
              </value>
            </param>
          </params>
          <reporter-output>
          </reporter-output>
        </test-method> <!-- tearDown -->
        <test-method is-config="true" signature="setup(org.testng.ITestContext)[pri:0, instance:com.gsicommerce.romui.selenium.tests.PaymentMethodConfigTests@411f53a0]" started-at="2020-05-14T01:24:16 EDT" name="setup" finished-at="2020-05-14T01:24:24 EDT" duration-ms="8032" status="PASS">
          <params>
            <param index="0">
              <value>
                <![CDATA[org.testng.TestRunner@75b38c36]]>
              </value>
            </param>
          </params>
          <reporter-output>
          </reporter-output>
        </test-method> <!-- setup -->
        <test-method signature="testDeletePaymentConfig()[pri:3, instance:com.gsicommerce.romui.selenium.tests.PaymentMethodConfigTests@411f53a0]" started-at="2020-05-14T01:24:24 EDT" name="testDeletePaymentConfig" description="to Verify Delete PaymentMethod Configuration" finished-at="2020-05-14T01:24:41 EDT" duration-ms="16792" status="PASS">
          <reporter-output>
            <line>
              <![CDATA[class com.sun.proxy.$Proxy15 cannot be cast to class org.openqa.selenium.By (com.sun.proxy.$Proxy15 and org.openqa.selenium.By are in unnamed module of loader 'app')]]>
            </line>
          </reporter-output>
        </test-method> <!-- testDeletePaymentConfig -->
        <test-method is-config="true" signature="tearDown(org.testng.ITestResult)[pri:0, instance:com.gsicommerce.romui.selenium.tests.PaymentMethodConfigTests@411f53a0]" started-at="2020-05-14T01:24:41 EDT" name="tearDown" finished-at="2020-05-14T01:24:42 EDT" duration-ms="693" status="PASS">
          <params>
            <param index="0">
              <value>
                <![CDATA[[TestResult name=testDeletePaymentConfig status=SUCCESS method=PaymentMethodConfigTests.testDeletePaymentConfig()[pri:3, instance:com.gsicommerce.romui.selenium.tests.PaymentMethodConfigTests@411f53a0] output=class com.sun.proxy.$Proxy15 cannot be cast to class org.openqa.selenium.By (com.sun.proxy.$Proxy15 and org.openqa.selenium.By are in unnamed module of loader 'app')]]]>
              </value>
            </param>
          </params>
          <reporter-output>
          </reporter-output>
        </test-method> <!-- tearDown -->
      </class> <!-- com.gsicommerce.romui.selenium.tests.PaymentMethodConfigTests -->
    </test> <!-- PaymentMethodConfigTests -->
    <test started-at="2020-05-14T01:24:42 EDT" name="ServiceGroupConfigsTests" finished-at="2020-05-14T01:25:00 EDT" duration-ms="17968">
      <class name="com.gsicommerce.romui.selenium.tests.ServiceGroupConfigsTests">
        <test-method is-config="true" signature="setup(org.testng.ITestContext)[pri:0, instance:com.gsicommerce.romui.selenium.tests.ServiceGroupConfigsTests@217ed35e]" started-at="2020-05-14T01:24:42 EDT" name="setup" finished-at="2020-05-14T01:24:50 EDT" duration-ms="8013" status="PASS">
          <params>
            <param index="0">
              <value>
                <![CDATA[org.testng.TestRunner@47248a48]]>
              </value>
            </param>
          </params>
          <reporter-output>
          </reporter-output>
        </test-method> <!-- setup -->
        <test-method signature="testEditSellerServiceGroupConfigs()[pri:1, instance:com.gsicommerce.romui.selenium.tests.ServiceGroupConfigsTests@217ed35e]" started-at="2020-05-14T01:24:50 EDT" name="testEditSellerServiceGroupConfigs" description="to Verify Edit Seller Service Group Configurations" finished-at="2020-05-14T01:24:58 EDT" duration-ms="8405" status="FAIL">
          <exception class="org.openqa.selenium.ElementNotInteractableException">
            <message>
              <![CDATA[element not interactable
  (Session info: chrome=81.0.4044.138)
Build info: version: '3.141.59', revision: 'e82be7d358', time: '2018-11-14T08:17:03'
System info: host: 'KOP-BM5TNF2', ip: '10.140.135.78', os.name: 'Windows 10', os.arch: 'amd64', os.version: '10.0', java.version: '12.0.2'
Driver info: org.openqa.selenium.chrome.ChromeDriver
Capabilities {acceptInsecureCerts: false, browserName: chrome, browserVersion: 81.0.4044.138, chrome: {chromedriverVersion: 80.0.3987.106 (f68069574609..., userDataDir: C:\Users\shedubey\AppData\L...}, goog:chromeOptions: {debuggerAddress: localhost:52513}, javascriptEnabled: true, networkConnectionEnabled: false, pageLoadStrategy: normal, platform: WINDOWS, platformName: WINDOWS, proxy: Proxy(), setWindowRect: true, strictFileInteractability: false, timeouts: {implicit: 0, pageLoad: 300000, script: 30000}, unhandledPromptBehavior: dismiss and notify}
Session ID: 6bd170983e3492363ef7d45450edcd54]]>
            </message>
            <full-stacktrace>
              <![CDATA[org.openqa.selenium.ElementNotInteractableException: element not interactable
  (Session info: chrome=81.0.4044.138)
Build info: version: '3.141.59', revision: 'e82be7d358', time: '2018-11-14T08:17:03'
System info: host: 'KOP-BM5TNF2', ip: '10.140.135.78', os.name: 'Windows 10', os.arch: 'amd64', os.version: '10.0', java.version: '12.0.2'
Driver info: org.openqa.selenium.chrome.ChromeDriver
Capabilities {acceptInsecureCerts: false, browserName: chrome, browserVersion: 81.0.4044.138, chrome: {chromedriverVersion: 80.0.3987.106 (f68069574609..., userDataDir: C:\Users\shedubey\AppData\L...}, goog:chromeOptions: {debuggerAddress: localhost:52513}, javascriptEnabled: true, networkConnectionEnabled: false, pageLoadStrategy: normal, platform: WINDOWS, platformName: WINDOWS, proxy: Proxy(), setWindowRect: true, strictFileInteractability: false, timeouts: {implicit: 0, pageLoad: 300000, script: 30000}, unhandledPromptBehavior: dismiss and notify}
Session ID: 6bd170983e3492363ef7d45450edcd54
at java.base/jdk.internal.reflect.NativeConstructorAccessorImpl.newInstance0(Native Method)
at java.base/jdk.internal.reflect.NativeConstructorAccessorImpl.newInstance(NativeConstructorAccessorImpl.java:62)
at java.base/jdk.internal.reflect.DelegatingConstructorAccessorImpl.newInstance(DelegatingConstructorAccessorImpl.java:45)
at java.base/java.lang.reflect.Constructor.newInstanceWithCaller(Constructor.java:500)
at java.base/java.lang.reflect.Constructor.newInstance(Constructor.java:481)
at org.openqa.selenium.remote.http.W3CHttpResponseCodec.createException(W3CHttpResponseCodec.java:187)
at org.openqa.selenium.remote.http.W3CHttpResponseCodec.decode(W3CHttpResponseCodec.java:122)
at org.openqa.selenium.remote.http.W3CHttpResponseCodec.decode(W3CHttpResponseCodec.java:49)
at org.openqa.selenium.remote.HttpCommandExecutor.execute(HttpCommandExecutor.java:158)
at org.openqa.selenium.remote.service.DriverCommandExecutor.execute(DriverCommandExecutor.java:83)
at org.openqa.selenium.remote.RemoteWebDriver.execute(RemoteWebDriver.java:552)
at org.openqa.selenium.remote.RemoteWebElement.execute(RemoteWebElement.java:285)
at org.openqa.selenium.remote.RemoteWebElement.click(RemoteWebElement.java:84)
at jdk.internal.reflect.GeneratedMethodAccessor2.invoke(Unknown Source)
at java.base/jdk.internal.reflect.DelegatingMethodAccessorImpl.invoke(DelegatingMethodAccessorImpl.java:43)
at java.base/java.lang.reflect.Method.invoke(Method.java:567)
at org.openqa.selenium.support.pagefactory.internal.LocatingElementHandler.invoke(LocatingElementHandler.java:51)
at com.sun.proxy.$Proxy14.click(Unknown Source)
at com.gsicommerce.romui.selenium.pages.ordermanagement.OrderManagementMenusPage.clickOnServiceGrpConfig(OrderManagementMenusPage.java:343)
at com.gsicommerce.romui.selenium.tests.ServiceGroupConfigsTests.testEditSellerServiceGroupConfigs(ServiceGroupConfigsTests.java:21)
at java.base/jdk.internal.reflect.NativeMethodAccessorImpl.invoke0(Native Method)
at java.base/jdk.internal.reflect.NativeMethodAccessorImpl.invoke(NativeMethodAccessorImpl.java:62)
at java.base/jdk.internal.reflect.DelegatingMethodAccessorImpl.invoke(DelegatingMethodAccessorImpl.java:43)
at java.base/java.lang.reflect.Method.invoke(Method.java:567)
at org.testng.internal.MethodInvocationHelper.invokeMethod(MethodInvocationHelper.java:135)
at org.testng.internal.TestInvoker.invokeMethod(TestInvoker.java:598)
at org.testng.internal.TestInvoker.invokeTestMethod(TestInvoker.java:174)
at org.testng.internal.MethodRunner.runInSequence(MethodRunner.java:46)
at org.testng.internal.TestInvoker$MethodInvocationAgent.invoke(TestInvoker.java:821)
at org.testng.internal.TestInvoker.invokeTestMethods(TestInvoker.java:147)
at org.testng.internal.TestMethodWorker.invokeTestMethods(TestMethodWorker.java:146)
at org.testng.internal.TestMethodWorker.run(TestMethodWorker.java:128)
at java.base/java.util.ArrayList.forEach(ArrayList.java:1540)
at org.testng.TestRunner.privateRun(TestRunner.java:767)
at org.testng.TestRunner.run(TestRunner.java:588)
at org.testng.SuiteRunner.runTest(SuiteRunner.java:384)
at org.testng.SuiteRunner.runSequentially(SuiteRunner.java:378)
at org.testng.SuiteRunner.privateRun(SuiteRunner.java:337)
at org.testng.SuiteRunner.run(SuiteRunner.java:286)
at org.testng.SuiteRunnerWorker.runSuite(SuiteRunnerWorker.java:53)
at org.testng.SuiteRunnerWorker.run(SuiteRunnerWorker.java:96)
at org.testng.TestNG.runSuitesSequentially(TestNG.java:1214)
at org.testng.TestNG.runSuitesLocally(TestNG.java:1136)
at org.testng.TestNG.runSuites(TestNG.java:1066)
at org.testng.TestNG.run(TestNG.java:1034)
at org.testng.remote.AbstractRemoteTestNG.run(AbstractRemoteTestNG.java:115)
at org.testng.remote.RemoteTestNG.initAndRun(RemoteTestNG.java:251)
at org.testng.remote.RemoteTestNG.main(RemoteTestNG.java:77)
]]>
            </full-stacktrace>
          </exception> <!-- org.openqa.selenium.ElementNotInteractableException -->
          <reporter-output>
            <line>
              <![CDATA[class com.sun.proxy.$Proxy15 cannot be cast to class org.openqa.selenium.By (com.sun.proxy.$Proxy15 and org.openqa.selenium.By are in unnamed module of loader 'app')]]>
            </line>
          </reporter-output>
        </test-method> <!-- testEditSellerServiceGroupConfigs -->
        <test-method is-config="true" signature="tearDown(org.testng.ITestResult)[pri:0, instance:com.gsicommerce.romui.selenium.tests.ServiceGroupConfigsTests@217ed35e]" started-at="2020-05-14T01:24:58 EDT" name="tearDown" finished-at="2020-05-14T01:25:00 EDT" duration-ms="1542" status="PASS">
          <params>
            <param index="0">
              <value>
                <![CDATA[[TestResult name=testEditSellerServiceGroupConfigs status=FAILURE method=ServiceGroupConfigsTests.testEditSellerServiceGroupConfigs()[pri:1, instance:com.gsicommerce.romui.selenium.tests.ServiceGroupConfigsTests@217ed35e] output=class com.sun.proxy.$Proxy15 cannot be cast to class org.openqa.selenium.By (com.sun.proxy.$Proxy15 and org.openqa.selenium.By are in unnamed module of loader 'app')]]]>
              </value>
            </param>
          </params>
          <reporter-output>
          </reporter-output>
        </test-method> <!-- tearDown -->
      </class> <!-- com.gsicommerce.romui.selenium.tests.ServiceGroupConfigsTests -->
    </test> <!-- ServiceGroupConfigsTests -->
  </suite> <!-- Suite -->
</testng-results>
