<?xml version="1.0" encoding="UTF-8"?>
<testng-results ignored="7" total="8" passed="0" failed="1" skipped="0">
  <reporter-output>
    <line>
      <![CDATA[class com.sun.proxy.$Proxy15 cannot be cast to class org.openqa.selenium.By (com.sun.proxy.$Proxy15 and org.openqa.selenium.By are in unnamed module of loader 'app')]]>
    </line>
  </reporter-output>
  <suite started-at="2020-06-01T01:25:23 EDT" name="Suite" finished-at="2020-06-01T01:25:52 EDT" duration-ms="28728">
    <groups>
    </groups>
    <test started-at="2020-06-01T01:25:23 EDT" name="ShippingLabelConfigTests" finished-at="2020-06-01T01:25:52 EDT" duration-ms="28728">
      <class name="com.gsicommerce.romui.selenium.tests.ShippingLabelConfigTests">
        <test-method is-config="true" signature="setup(org.testng.ITestContext)[pri:0, instance:com.gsicommerce.romui.selenium.tests.ShippingLabelConfigTests@54d9d12d]" started-at="2020-06-01T01:25:23 EDT" name="setup" finished-at="2020-06-01T01:25:31 EDT" duration-ms="8231" status="PASS">
          <params>
            <param index="0">
              <value>
                <![CDATA[org.testng.TestRunner@14c053c6]]>
              </value>
            </param>
          </params>
          <reporter-output>
          </reporter-output>
        </test-method> <!-- setup -->
        <test-method signature="testeditShipLabelConfigByFedex()[pri:7, instance:com.gsicommerce.romui.selenium.tests.ShippingLabelConfigTests@54d9d12d]" started-at="2020-06-01T01:25:31 EDT" name="testeditShipLabelConfigByFedex" description="Edit Ship Label Config for Fedex" finished-at="2020-06-01T01:25:51 EDT" duration-ms="19947" status="FAIL">
          <exception class="java.lang.NullPointerException">
            <full-stacktrace>
              <![CDATA[java.lang.NullPointerException
at com.gsicommerce.romui.selenium.utilities.Webtable.getTableRowNumForCellText(Webtable.java:217)
at com.gsicommerce.romui.selenium.pages.ordermanagement.CommonElementsPage.getRowNum(CommonElementsPage.java:147)
at com.gsicommerce.romui.selenium.pages.ordermanagement.ShippingLabelConfigPage.editShippingLabelConfigByFedex(ShippingLabelConfigPage.java:292)
at com.gsicommerce.romui.selenium.tests.ShippingLabelConfigTests.testeditShipLabelConfigByFedex(ShippingLabelConfigTests.java:101)
at java.base/jdk.internal.reflect.NativeMethodAccessorImpl.invoke0(Native Method)
at java.base/jdk.internal.reflect.NativeMethodAccessorImpl.invoke(NativeMethodAccessorImpl.java:62)
at java.base/jdk.internal.reflect.DelegatingMethodAccessorImpl.invoke(DelegatingMethodAccessorImpl.java:43)
at java.base/java.lang.reflect.Method.invoke(Method.java:567)
at org.testng.internal.MethodInvocationHelper.invokeMethod(MethodInvocationHelper.java:135)
at org.testng.internal.TestInvoker.invokeMethod(TestInvoker.java:598)
at org.testng.internal.TestInvoker.invokeTestMethod(TestInvoker.java:174)
at org.testng.internal.MethodRunner.runInSequence(MethodRunner.java:46)
at org.testng.internal.TestInvoker$MethodInvocationAgent.invoke(TestInvoker.java:821)
at org.testng.internal.TestInvoker.invokeTestMethods(TestInvoker.java:147)
at org.testng.internal.TestMethodWorker.invokeTestMethods(TestMethodWorker.java:146)
at org.testng.internal.TestMethodWorker.run(TestMethodWorker.java:128)
at java.base/java.util.ArrayList.forEach(ArrayList.java:1540)
at org.testng.TestRunner.privateRun(TestRunner.java:767)
at org.testng.TestRunner.run(TestRunner.java:588)
at org.testng.SuiteRunner.runTest(SuiteRunner.java:384)
at org.testng.SuiteRunner.runSequentially(SuiteRunner.java:378)
at org.testng.SuiteRunner.privateRun(SuiteRunner.java:337)
at org.testng.SuiteRunner.run(SuiteRunner.java:286)
at org.testng.SuiteRunnerWorker.runSuite(SuiteRunnerWorker.java:53)
at org.testng.SuiteRunnerWorker.run(SuiteRunnerWorker.java:96)
at org.testng.TestNG.runSuitesSequentially(TestNG.java:1214)
at org.testng.TestNG.runSuitesLocally(TestNG.java:1136)
at org.testng.TestNG.runSuites(TestNG.java:1066)
at org.testng.TestNG.run(TestNG.java:1034)
at org.testng.remote.AbstractRemoteTestNG.run(AbstractRemoteTestNG.java:115)
at org.testng.remote.RemoteTestNG.initAndRun(RemoteTestNG.java:251)
at org.testng.remote.RemoteTestNG.main(RemoteTestNG.java:77)
]]>
            </full-stacktrace>
          </exception> <!-- java.lang.NullPointerException -->
          <reporter-output>
            <line>
              <![CDATA[class com.sun.proxy.$Proxy15 cannot be cast to class org.openqa.selenium.By (com.sun.proxy.$Proxy15 and org.openqa.selenium.By are in unnamed module of loader 'app')]]>
            </line>
          </reporter-output>
        </test-method> <!-- testeditShipLabelConfigByFedex -->
        <test-method is-config="true" signature="tearDown(org.testng.ITestResult)[pri:0, instance:com.gsicommerce.romui.selenium.tests.ShippingLabelConfigTests@54d9d12d]" started-at="2020-06-01T01:25:51 EDT" name="tearDown" finished-at="2020-06-01T01:25:52 EDT" duration-ms="523" status="PASS">
          <params>
            <param index="0">
              <value>
                <![CDATA[[TestResult name=testeditShipLabelConfigByFedex status=FAILURE method=ShippingLabelConfigTests.testeditShipLabelConfigByFedex()[pri:7, instance:com.gsicommerce.romui.selenium.tests.ShippingLabelConfigTests@54d9d12d] output=class com.sun.proxy.$Proxy15 cannot be cast to class org.openqa.selenium.By (com.sun.proxy.$Proxy15 and org.openqa.selenium.By are in unnamed module of loader 'app')]]]>
              </value>
            </param>
          </params>
          <reporter-output>
          </reporter-output>
        </test-method> <!-- tearDown -->
      </class> <!-- com.gsicommerce.romui.selenium.tests.ShippingLabelConfigTests -->
    </test> <!-- ShippingLabelConfigTests -->
  </suite> <!-- Suite -->
</testng-results>
