<?xml version="1.0" encoding="UTF-8"?>
<testng-results ignored="0" total="4" passed="1" failed="3" skipped="0">
  <reporter-output>
    <line>
      <![CDATA[Get Total No of Rows in the webtable]]>
    </line>
    <line>
      <![CDATA[There is no page limit option displayed]]>
    </line>
    <line>
      <![CDATA[page limit drop down value is selected]]>
    </line>
    <line>
      <![CDATA[Click Edit ATP Rule icon]]>
    </line>
    <line>
      <![CDATA[View Order icon is clicked on]]>
    </line>
    <line>
      <![CDATA[Click Delete ATP Rule icon]]>
    </line>
    <line>
      <![CDATA[View Order icon is clicked on]]>
    </line>
  </reporter-output>
  <suite started-at="2020-07-10T00:24:53 EDT" name="Suite" finished-at="2020-07-10T00:26:56 EDT" duration-ms="123202">
    <groups>
    </groups>
    <test started-at="2020-07-10T00:24:53 EDT" name="ATPRulesTests" finished-at="2020-07-10T00:26:56 EDT" duration-ms="123202">
      <class name="com.gsicommerce.romui.selenium.tests.ATPRulesTests">
        <test-method is-config="true" signature="setup(org.testng.ITestContext)[pri:0, instance:com.gsicommerce.romui.selenium.tests.ATPRulesTests@557caf28]" started-at="2020-07-10T00:24:53 EDT" name="setup" finished-at="2020-07-10T00:25:03 EDT" duration-ms="9982" status="PASS">
          <params>
            <param index="0">
              <value>
                <![CDATA[org.testng.TestRunner@7a8b9166]]>
              </value>
            </param>
          </params>
          <reporter-output>
          </reporter-output>
        </test-method> <!-- setup -->
        <test-method signature="testVerifyManageATPRule()[pri:1, instance:com.gsicommerce.romui.selenium.tests.ATPRulesTests@557caf28]" started-at="2020-07-10T00:25:03 EDT" name="testVerifyManageATPRule" description="to Verify Manage ATP rules displays all the ATP rules available for the store" finished-at="2020-07-10T00:25:09 EDT" duration-ms="6535" status="PASS">
          <reporter-output>
            <line>
              <![CDATA[Get Total No of Rows in the webtable]]>
            </line>
          </reporter-output>
        </test-method> <!-- testVerifyManageATPRule -->
        <test-method is-config="true" signature="tearDown(org.testng.ITestResult)[pri:0, instance:com.gsicommerce.romui.selenium.tests.ATPRulesTests@557caf28]" started-at="2020-07-10T00:25:09 EDT" name="tearDown" finished-at="2020-07-10T00:25:09 EDT" duration-ms="1" status="PASS">
          <params>
            <param index="0">
              <value>
                <![CDATA[[TestResult name=testVerifyManageATPRule status=SUCCESS method=ATPRulesTests.testVerifyManageATPRule()[pri:1, instance:com.gsicommerce.romui.selenium.tests.ATPRulesTests@557caf28] output=Get Total No of Rows in the webtable]]]>
              </value>
            </param>
          </params>
          <reporter-output>
          </reporter-output>
        </test-method> <!-- tearDown -->
        <test-method is-config="true" signature="setup(org.testng.ITestContext)[pri:0, instance:com.gsicommerce.romui.selenium.tests.ATPRulesTests@557caf28]" started-at="2020-07-10T00:25:09 EDT" name="setup" finished-at="2020-07-10T00:25:19 EDT" duration-ms="9777" status="PASS">
          <params>
            <param index="0">
              <value>
                <![CDATA[org.testng.TestRunner@7a8b9166]]>
              </value>
            </param>
          </params>
          <reporter-output>
          </reporter-output>
        </test-method> <!-- setup -->
        <test-method signature="testAddATPRule()[pri:2, instance:com.gsicommerce.romui.selenium.tests.ATPRulesTests@557caf28]" started-at="2020-07-10T00:25:19 EDT" name="testAddATPRule" description="to Verify user able to Add ATP rule in Manage ATP rules page" finished-at="2020-07-10T00:25:59 EDT" duration-ms="39879" status="FAIL">
          <exception class="org.openqa.selenium.NoSuchElementException">
            <message>
              <![CDATA[no such element: Unable to locate element: {"method":"css selector","selector":"span.ss-icon.ss-navigateright.ss-black-tie-bold"}
  (Session info: chrome=83.0.4103.116)
For documentation on this error, please visit: https://www.seleniumhq.org/exceptions/no_such_element.html
Build info: version: '3.141.59', revision: 'e82be7d358', time: '2018-11-14T08:17:03'
System info: host: 'KOP-BM5TNF2', ip: '10.140.135.213', os.name: 'Windows 10', os.arch: 'amd64', os.version: '10.0', java.version: '12.0.2'
Driver info: org.openqa.selenium.chrome.ChromeDriver
Capabilities {acceptInsecureCerts: false, browserName: chrome, browserVersion: 83.0.4103.116, chrome: {chromedriverVersion: 83.0.4103.39 (ccbf011cb2d2b..., userDataDir: C:\Users\shedubey\AppData\L...}, goog:chromeOptions: {debuggerAddress: localhost:49901}, javascriptEnabled: true, networkConnectionEnabled: false, pageLoadStrategy: normal, platform: WINDOWS, platformName: WINDOWS, proxy: Proxy(), setWindowRect: true, strictFileInteractability: false, timeouts: {implicit: 0, pageLoad: 300000, script: 30000}, unhandledPromptBehavior: dismiss and notify, webauthn:virtualAuthenticators: true}
Session ID: 40199d7361f2238faccab961cb9c6728
*** Element info: {Using=css selector, value=span.ss-icon.ss-navigateright.ss-black-tie-bold}]]>
            </message>
            <full-stacktrace>
              <![CDATA[org.openqa.selenium.NoSuchElementException: no such element: Unable to locate element: {"method":"css selector","selector":"span.ss-icon.ss-navigateright.ss-black-tie-bold"}
  (Session info: chrome=83.0.4103.116)
For documentation on this error, please visit: https://www.seleniumhq.org/exceptions/no_such_element.html
Build info: version: '3.141.59', revision: 'e82be7d358', time: '2018-11-14T08:17:03'
System info: host: 'KOP-BM5TNF2', ip: '10.140.135.213', os.name: 'Windows 10', os.arch: 'amd64', os.version: '10.0', java.version: '12.0.2'
Driver info: org.openqa.selenium.chrome.ChromeDriver
Capabilities {acceptInsecureCerts: false, browserName: chrome, browserVersion: 83.0.4103.116, chrome: {chromedriverVersion: 83.0.4103.39 (ccbf011cb2d2b..., userDataDir: C:\Users\shedubey\AppData\L...}, goog:chromeOptions: {debuggerAddress: localhost:49901}, javascriptEnabled: true, networkConnectionEnabled: false, pageLoadStrategy: normal, platform: WINDOWS, platformName: WINDOWS, proxy: Proxy(), setWindowRect: true, strictFileInteractability: false, timeouts: {implicit: 0, pageLoad: 300000, script: 30000}, unhandledPromptBehavior: dismiss and notify, webauthn:virtualAuthenticators: true}
Session ID: 40199d7361f2238faccab961cb9c6728
*** Element info: {Using=css selector, value=span.ss-icon.ss-navigateright.ss-black-tie-bold}
at java.base/jdk.internal.reflect.NativeConstructorAccessorImpl.newInstance0(Native Method)
at java.base/jdk.internal.reflect.NativeConstructorAccessorImpl.newInstance(NativeConstructorAccessorImpl.java:62)
at java.base/jdk.internal.reflect.DelegatingConstructorAccessorImpl.newInstance(DelegatingConstructorAccessorImpl.java:45)
at java.base/java.lang.reflect.Constructor.newInstanceWithCaller(Constructor.java:500)
at java.base/java.lang.reflect.Constructor.newInstance(Constructor.java:481)
at org.openqa.selenium.remote.http.W3CHttpResponseCodec.createException(W3CHttpResponseCodec.java:187)
at org.openqa.selenium.remote.http.W3CHttpResponseCodec.decode(W3CHttpResponseCodec.java:122)
at org.openqa.selenium.remote.http.W3CHttpResponseCodec.decode(W3CHttpResponseCodec.java:49)
at org.openqa.selenium.remote.HttpCommandExecutor.execute(HttpCommandExecutor.java:158)
at org.openqa.selenium.remote.service.DriverCommandExecutor.execute(DriverCommandExecutor.java:83)
at org.openqa.selenium.remote.RemoteWebDriver.execute(RemoteWebDriver.java:552)
at org.openqa.selenium.remote.RemoteWebDriver.findElement(RemoteWebDriver.java:323)
at org.openqa.selenium.remote.RemoteWebDriver.findElementByCssSelector(RemoteWebDriver.java:420)
at org.openqa.selenium.By$ByCssSelector.findElement(By.java:431)
at org.openqa.selenium.remote.RemoteWebDriver.findElement(RemoteWebDriver.java:315)
at org.openqa.selenium.support.pagefactory.DefaultElementLocator.findElement(DefaultElementLocator.java:69)
at org.openqa.selenium.support.pagefactory.internal.LocatingElementHandler.invoke(LocatingElementHandler.java:38)
at com.sun.proxy.$Proxy14.isEnabled(Unknown Source)
at com.gsicommerce.romui.selenium.pages.ordermanagement.CommonElementsPage.clickNextPage(CommonElementsPage.java:140)
at com.gsicommerce.romui.selenium.pages.ordermanagement.CommonElementsPage.getRowNo(CommonElementsPage.java:152)
at com.gsicommerce.romui.selenium.pages.ordermanagement.ATPRulesPage.addATPRule(ATPRulesPage.java:83)
at com.gsicommerce.romui.selenium.tests.ATPRulesTests.testAddATPRule(ATPRulesTests.java:34)
at java.base/jdk.internal.reflect.NativeMethodAccessorImpl.invoke0(Native Method)
at java.base/jdk.internal.reflect.NativeMethodAccessorImpl.invoke(NativeMethodAccessorImpl.java:62)
at java.base/jdk.internal.reflect.DelegatingMethodAccessorImpl.invoke(DelegatingMethodAccessorImpl.java:43)
at java.base/java.lang.reflect.Method.invoke(Method.java:567)
at org.testng.internal.MethodInvocationHelper.invokeMethod(MethodInvocationHelper.java:135)
at org.testng.internal.TestInvoker.invokeMethod(TestInvoker.java:598)
at org.testng.internal.TestInvoker.invokeTestMethod(TestInvoker.java:174)
at org.testng.internal.MethodRunner.runInSequence(MethodRunner.java:46)
at org.testng.internal.TestInvoker$MethodInvocationAgent.invoke(TestInvoker.java:821)
at org.testng.internal.TestInvoker.invokeTestMethods(TestInvoker.java:147)
at org.testng.internal.TestMethodWorker.invokeTestMethods(TestMethodWorker.java:146)
at org.testng.internal.TestMethodWorker.run(TestMethodWorker.java:128)
at java.base/java.util.ArrayList.forEach(ArrayList.java:1540)
at org.testng.TestRunner.privateRun(TestRunner.java:767)
at org.testng.TestRunner.run(TestRunner.java:588)
at org.testng.SuiteRunner.runTest(SuiteRunner.java:384)
at org.testng.SuiteRunner.runSequentially(SuiteRunner.java:378)
at org.testng.SuiteRunner.privateRun(SuiteRunner.java:337)
at org.testng.SuiteRunner.run(SuiteRunner.java:286)
at org.testng.SuiteRunnerWorker.runSuite(SuiteRunnerWorker.java:53)
at org.testng.SuiteRunnerWorker.run(SuiteRunnerWorker.java:96)
at org.testng.TestNG.runSuitesSequentially(TestNG.java:1214)
at org.testng.TestNG.runSuitesLocally(TestNG.java:1136)
at org.testng.TestNG.runSuites(TestNG.java:1066)
at org.testng.TestNG.run(TestNG.java:1034)
at org.testng.remote.AbstractRemoteTestNG.run(AbstractRemoteTestNG.java:115)
at org.testng.remote.RemoteTestNG.initAndRun(RemoteTestNG.java:251)
at org.testng.remote.RemoteTestNG.main(RemoteTestNG.java:77)
]]>
            </full-stacktrace>
          </exception> <!-- org.openqa.selenium.NoSuchElementException -->
          <reporter-output>
            <line>
              <![CDATA[There is no page limit option displayed]]>
            </line>
            <line>
              <![CDATA[page limit drop down value is selected]]>
            </line>
          </reporter-output>
        </test-method> <!-- testAddATPRule -->
        <test-method is-config="true" signature="tearDown(org.testng.ITestResult)[pri:0, instance:com.gsicommerce.romui.selenium.tests.ATPRulesTests@557caf28]" started-at="2020-07-10T00:25:59 EDT" name="tearDown" finished-at="2020-07-10T00:25:59 EDT" duration-ms="400" status="PASS">
          <params>
            <param index="0">
              <value>
                <![CDATA[[TestResult name=testAddATPRule status=FAILURE method=ATPRulesTests.testAddATPRule()[pri:2, instance:com.gsicommerce.romui.selenium.tests.ATPRulesTests@557caf28] output=There is no page limit option displayed]]]>
              </value>
            </param>
          </params>
          <reporter-output>
          </reporter-output>
        </test-method> <!-- tearDown -->
        <test-method is-config="true" signature="setup(org.testng.ITestContext)[pri:0, instance:com.gsicommerce.romui.selenium.tests.ATPRulesTests@557caf28]" started-at="2020-07-10T00:25:59 EDT" name="setup" finished-at="2020-07-10T00:26:10 EDT" duration-ms="10212" status="PASS">
          <params>
            <param index="0">
              <value>
                <![CDATA[org.testng.TestRunner@7a8b9166]]>
              </value>
            </param>
          </params>
          <reporter-output>
          </reporter-output>
        </test-method> <!-- setup -->
        <test-method signature="testEditATPRule()[pri:3, instance:com.gsicommerce.romui.selenium.tests.ATPRulesTests@557caf28]" started-at="2020-07-10T00:26:10 EDT" name="testEditATPRule" description="to Verify user able to edit ATP rule in Manage ATP rules page" finished-at="2020-07-10T00:26:28 EDT" duration-ms="18163" status="FAIL">
          <exception class="org.openqa.selenium.NoSuchElementException">
            <message>
              <![CDATA[no such element: Unable to locate element: {"method":"xpath","selector":".//tr[0]/td[4]/div/a[1]/span[1]"}
  (Session info: chrome=83.0.4103.116)
For documentation on this error, please visit: https://www.seleniumhq.org/exceptions/no_such_element.html
Build info: version: '3.141.59', revision: 'e82be7d358', time: '2018-11-14T08:17:03'
System info: host: 'KOP-BM5TNF2', ip: '10.140.135.213', os.name: 'Windows 10', os.arch: 'amd64', os.version: '10.0', java.version: '12.0.2'
Driver info: org.openqa.selenium.chrome.ChromeDriver
Capabilities {acceptInsecureCerts: false, browserName: chrome, browserVersion: 83.0.4103.116, chrome: {chromedriverVersion: 83.0.4103.39 (ccbf011cb2d2b..., userDataDir: C:\Users\shedubey\AppData\L...}, goog:chromeOptions: {debuggerAddress: localhost:49942}, javascriptEnabled: true, networkConnectionEnabled: false, pageLoadStrategy: normal, platform: WINDOWS, platformName: WINDOWS, proxy: Proxy(), setWindowRect: true, strictFileInteractability: false, timeouts: {implicit: 0, pageLoad: 300000, script: 30000}, unhandledPromptBehavior: dismiss and notify, webauthn:virtualAuthenticators: true}
Session ID: 19b057ef94eecf1148a966f596d9b92d
*** Element info: {Using=xpath, value=.//tr[0]/td[4]/div/a[1]/span[1]}]]>
            </message>
            <full-stacktrace>
              <![CDATA[org.openqa.selenium.NoSuchElementException: no such element: Unable to locate element: {"method":"xpath","selector":".//tr[0]/td[4]/div/a[1]/span[1]"}
  (Session info: chrome=83.0.4103.116)
For documentation on this error, please visit: https://www.seleniumhq.org/exceptions/no_such_element.html
Build info: version: '3.141.59', revision: 'e82be7d358', time: '2018-11-14T08:17:03'
System info: host: 'KOP-BM5TNF2', ip: '10.140.135.213', os.name: 'Windows 10', os.arch: 'amd64', os.version: '10.0', java.version: '12.0.2'
Driver info: org.openqa.selenium.chrome.ChromeDriver
Capabilities {acceptInsecureCerts: false, browserName: chrome, browserVersion: 83.0.4103.116, chrome: {chromedriverVersion: 83.0.4103.39 (ccbf011cb2d2b..., userDataDir: C:\Users\shedubey\AppData\L...}, goog:chromeOptions: {debuggerAddress: localhost:49942}, javascriptEnabled: true, networkConnectionEnabled: false, pageLoadStrategy: normal, platform: WINDOWS, platformName: WINDOWS, proxy: Proxy(), setWindowRect: true, strictFileInteractability: false, timeouts: {implicit: 0, pageLoad: 300000, script: 30000}, unhandledPromptBehavior: dismiss and notify, webauthn:virtualAuthenticators: true}
Session ID: 19b057ef94eecf1148a966f596d9b92d
*** Element info: {Using=xpath, value=.//tr[0]/td[4]/div/a[1]/span[1]}
at java.base/jdk.internal.reflect.NativeConstructorAccessorImpl.newInstance0(Native Method)
at java.base/jdk.internal.reflect.NativeConstructorAccessorImpl.newInstance(NativeConstructorAccessorImpl.java:62)
at java.base/jdk.internal.reflect.DelegatingConstructorAccessorImpl.newInstance(DelegatingConstructorAccessorImpl.java:45)
at java.base/java.lang.reflect.Constructor.newInstanceWithCaller(Constructor.java:500)
at java.base/java.lang.reflect.Constructor.newInstance(Constructor.java:481)
at org.openqa.selenium.remote.http.W3CHttpResponseCodec.createException(W3CHttpResponseCodec.java:187)
at org.openqa.selenium.remote.http.W3CHttpResponseCodec.decode(W3CHttpResponseCodec.java:122)
at org.openqa.selenium.remote.http.W3CHttpResponseCodec.decode(W3CHttpResponseCodec.java:49)
at org.openqa.selenium.remote.HttpCommandExecutor.execute(HttpCommandExecutor.java:158)
at org.openqa.selenium.remote.service.DriverCommandExecutor.execute(DriverCommandExecutor.java:83)
at org.openqa.selenium.remote.RemoteWebDriver.execute(RemoteWebDriver.java:552)
at org.openqa.selenium.remote.RemoteWebElement.execute(RemoteWebElement.java:285)
at org.openqa.selenium.remote.RemoteWebElement.findElement(RemoteWebElement.java:185)
at org.openqa.selenium.remote.RemoteWebElement.findElementByXPath(RemoteWebElement.java:261)
at org.openqa.selenium.By$ByXPath.findElement(By.java:353)
at org.openqa.selenium.remote.RemoteWebElement.findElement(RemoteWebElement.java:181)
at jdk.internal.reflect.GeneratedMethodAccessor3.invoke(Unknown Source)
at java.base/jdk.internal.reflect.DelegatingMethodAccessorImpl.invoke(DelegatingMethodAccessorImpl.java:43)
at java.base/java.lang.reflect.Method.invoke(Method.java:567)
at org.openqa.selenium.support.pagefactory.internal.LocatingElementHandler.invoke(LocatingElementHandler.java:51)
at com.sun.proxy.$Proxy14.findElement(Unknown Source)
at com.gsicommerce.romui.selenium.utilities.Webtable.clickDivLinkSpanElement(Webtable.java:233)
at com.gsicommerce.romui.selenium.pages.ordermanagement.CommonElementsPage.clickDivSpanLink(CommonElementsPage.java:209)
at com.gsicommerce.romui.selenium.pages.ordermanagement.ATPRulesPage.editATPRule(ATPRulesPage.java:92)
at com.gsicommerce.romui.selenium.tests.ATPRulesTests.testEditATPRule(ATPRulesTests.java:49)
at java.base/jdk.internal.reflect.NativeMethodAccessorImpl.invoke0(Native Method)
at java.base/jdk.internal.reflect.NativeMethodAccessorImpl.invoke(NativeMethodAccessorImpl.java:62)
at java.base/jdk.internal.reflect.DelegatingMethodAccessorImpl.invoke(DelegatingMethodAccessorImpl.java:43)
at java.base/java.lang.reflect.Method.invoke(Method.java:567)
at org.testng.internal.MethodInvocationHelper.invokeMethod(MethodInvocationHelper.java:135)
at org.testng.internal.TestInvoker.invokeMethod(TestInvoker.java:598)
at org.testng.internal.TestInvoker.invokeTestMethod(TestInvoker.java:174)
at org.testng.internal.MethodRunner.runInSequence(MethodRunner.java:46)
at org.testng.internal.TestInvoker$MethodInvocationAgent.invoke(TestInvoker.java:821)
at org.testng.internal.TestInvoker.invokeTestMethods(TestInvoker.java:147)
at org.testng.internal.TestMethodWorker.invokeTestMethods(TestMethodWorker.java:146)
at org.testng.internal.TestMethodWorker.run(TestMethodWorker.java:128)
at java.base/java.util.ArrayList.forEach(ArrayList.java:1540)
at org.testng.TestRunner.privateRun(TestRunner.java:767)
at org.testng.TestRunner.run(TestRunner.java:588)
at org.testng.SuiteRunner.runTest(SuiteRunner.java:384)
at org.testng.SuiteRunner.runSequentially(SuiteRunner.java:378)
at org.testng.SuiteRunner.privateRun(SuiteRunner.java:337)
at org.testng.SuiteRunner.run(SuiteRunner.java:286)
at org.testng.SuiteRunnerWorker.runSuite(SuiteRunnerWorker.java:53)
at org.testng.SuiteRunnerWorker.run(SuiteRunnerWorker.java:96)
at org.testng.TestNG.runSuitesSequentially(TestNG.java:1214)
at org.testng.TestNG.runSuitesLocally(TestNG.java:1136)
at org.testng.TestNG.runSuites(TestNG.java:1066)
at org.testng.TestNG.run(TestNG.java:1034)
at org.testng.remote.AbstractRemoteTestNG.run(AbstractRemoteTestNG.java:115)
at org.testng.remote.RemoteTestNG.initAndRun(RemoteTestNG.java:251)
at org.testng.remote.RemoteTestNG.main(RemoteTestNG.java:77)
]]>
            </full-stacktrace>
          </exception> <!-- org.openqa.selenium.NoSuchElementException -->
          <reporter-output>
            <line>
              <![CDATA[Click Edit ATP Rule icon]]>
            </line>
            <line>
              <![CDATA[View Order icon is clicked on]]>
            </line>
          </reporter-output>
        </test-method> <!-- testEditATPRule -->
        <test-method is-config="true" signature="tearDown(org.testng.ITestResult)[pri:0, instance:com.gsicommerce.romui.selenium.tests.ATPRulesTests@557caf28]" started-at="2020-07-10T00:26:28 EDT" name="tearDown" finished-at="2020-07-10T00:26:28 EDT" duration-ms="388" status="PASS">
          <params>
            <param index="0">
              <value>
                <![CDATA[[TestResult name=testEditATPRule status=FAILURE method=ATPRulesTests.testEditATPRule()[pri:3, instance:com.gsicommerce.romui.selenium.tests.ATPRulesTests@557caf28] output=Click Edit ATP Rule icon]]]>
              </value>
            </param>
          </params>
          <reporter-output>
          </reporter-output>
        </test-method> <!-- tearDown -->
        <test-method is-config="true" signature="setup(org.testng.ITestContext)[pri:0, instance:com.gsicommerce.romui.selenium.tests.ATPRulesTests@557caf28]" started-at="2020-07-10T00:26:28 EDT" name="setup" finished-at="2020-07-10T00:26:39 EDT" duration-ms="10366" status="PASS">
          <params>
            <param index="0">
              <value>
                <![CDATA[org.testng.TestRunner@7a8b9166]]>
              </value>
            </param>
          </params>
          <reporter-output>
          </reporter-output>
        </test-method> <!-- setup -->
        <test-method signature="testDeleteATPRule()[pri:4, instance:com.gsicommerce.romui.selenium.tests.ATPRulesTests@557caf28]" started-at="2020-07-10T00:26:39 EDT" name="testDeleteATPRule" description="to Verify user able to delete ATP rule in Manage ATP rules page" finished-at="2020-07-10T00:26:56 EDT" duration-ms="17074" status="FAIL">
          <exception class="org.openqa.selenium.NoSuchElementException">
            <message>
              <![CDATA[no such element: Unable to locate element: {"method":"xpath","selector":".//tr[0]/td[4]/div/a[2]/span[1]"}
  (Session info: chrome=83.0.4103.116)
For documentation on this error, please visit: https://www.seleniumhq.org/exceptions/no_such_element.html
Build info: version: '3.141.59', revision: 'e82be7d358', time: '2018-11-14T08:17:03'
System info: host: 'KOP-BM5TNF2', ip: '10.140.135.213', os.name: 'Windows 10', os.arch: 'amd64', os.version: '10.0', java.version: '12.0.2'
Driver info: org.openqa.selenium.chrome.ChromeDriver
Capabilities {acceptInsecureCerts: false, browserName: chrome, browserVersion: 83.0.4103.116, chrome: {chromedriverVersion: 83.0.4103.39 (ccbf011cb2d2b..., userDataDir: C:\Users\shedubey\AppData\L...}, goog:chromeOptions: {debuggerAddress: localhost:49992}, javascriptEnabled: true, networkConnectionEnabled: false, pageLoadStrategy: normal, platform: WINDOWS, platformName: WINDOWS, proxy: Proxy(), setWindowRect: true, strictFileInteractability: false, timeouts: {implicit: 0, pageLoad: 300000, script: 30000}, unhandledPromptBehavior: dismiss and notify, webauthn:virtualAuthenticators: true}
Session ID: 206396ba214a14e74201097f220c31de
*** Element info: {Using=xpath, value=.//tr[0]/td[4]/div/a[2]/span[1]}]]>
            </message>
            <full-stacktrace>
              <![CDATA[org.openqa.selenium.NoSuchElementException: no such element: Unable to locate element: {"method":"xpath","selector":".//tr[0]/td[4]/div/a[2]/span[1]"}
  (Session info: chrome=83.0.4103.116)
For documentation on this error, please visit: https://www.seleniumhq.org/exceptions/no_such_element.html
Build info: version: '3.141.59', revision: 'e82be7d358', time: '2018-11-14T08:17:03'
System info: host: 'KOP-BM5TNF2', ip: '10.140.135.213', os.name: 'Windows 10', os.arch: 'amd64', os.version: '10.0', java.version: '12.0.2'
Driver info: org.openqa.selenium.chrome.ChromeDriver
Capabilities {acceptInsecureCerts: false, browserName: chrome, browserVersion: 83.0.4103.116, chrome: {chromedriverVersion: 83.0.4103.39 (ccbf011cb2d2b..., userDataDir: C:\Users\shedubey\AppData\L...}, goog:chromeOptions: {debuggerAddress: localhost:49992}, javascriptEnabled: true, networkConnectionEnabled: false, pageLoadStrategy: normal, platform: WINDOWS, platformName: WINDOWS, proxy: Proxy(), setWindowRect: true, strictFileInteractability: false, timeouts: {implicit: 0, pageLoad: 300000, script: 30000}, unhandledPromptBehavior: dismiss and notify, webauthn:virtualAuthenticators: true}
Session ID: 206396ba214a14e74201097f220c31de
*** Element info: {Using=xpath, value=.//tr[0]/td[4]/div/a[2]/span[1]}
at java.base/jdk.internal.reflect.NativeConstructorAccessorImpl.newInstance0(Native Method)
at java.base/jdk.internal.reflect.NativeConstructorAccessorImpl.newInstance(NativeConstructorAccessorImpl.java:62)
at java.base/jdk.internal.reflect.DelegatingConstructorAccessorImpl.newInstance(DelegatingConstructorAccessorImpl.java:45)
at java.base/java.lang.reflect.Constructor.newInstanceWithCaller(Constructor.java:500)
at java.base/java.lang.reflect.Constructor.newInstance(Constructor.java:481)
at org.openqa.selenium.remote.http.W3CHttpResponseCodec.createException(W3CHttpResponseCodec.java:187)
at org.openqa.selenium.remote.http.W3CHttpResponseCodec.decode(W3CHttpResponseCodec.java:122)
at org.openqa.selenium.remote.http.W3CHttpResponseCodec.decode(W3CHttpResponseCodec.java:49)
at org.openqa.selenium.remote.HttpCommandExecutor.execute(HttpCommandExecutor.java:158)
at org.openqa.selenium.remote.service.DriverCommandExecutor.execute(DriverCommandExecutor.java:83)
at org.openqa.selenium.remote.RemoteWebDriver.execute(RemoteWebDriver.java:552)
at org.openqa.selenium.remote.RemoteWebElement.execute(RemoteWebElement.java:285)
at org.openqa.selenium.remote.RemoteWebElement.findElement(RemoteWebElement.java:185)
at org.openqa.selenium.remote.RemoteWebElement.findElementByXPath(RemoteWebElement.java:261)
at org.openqa.selenium.By$ByXPath.findElement(By.java:353)
at org.openqa.selenium.remote.RemoteWebElement.findElement(RemoteWebElement.java:181)
at jdk.internal.reflect.GeneratedMethodAccessor3.invoke(Unknown Source)
at java.base/jdk.internal.reflect.DelegatingMethodAccessorImpl.invoke(DelegatingMethodAccessorImpl.java:43)
at java.base/java.lang.reflect.Method.invoke(Method.java:567)
at org.openqa.selenium.support.pagefactory.internal.LocatingElementHandler.invoke(LocatingElementHandler.java:51)
at com.sun.proxy.$Proxy14.findElement(Unknown Source)
at com.gsicommerce.romui.selenium.utilities.Webtable.clickDivLinkSpanElement(Webtable.java:233)
at com.gsicommerce.romui.selenium.pages.ordermanagement.CommonElementsPage.clickDivSpanLink(CommonElementsPage.java:209)
at com.gsicommerce.romui.selenium.pages.ordermanagement.ATPRulesPage.deleteATPRule(ATPRulesPage.java:108)
at com.gsicommerce.romui.selenium.tests.ATPRulesTests.testDeleteATPRule(ATPRulesTests.java:64)
at java.base/jdk.internal.reflect.NativeMethodAccessorImpl.invoke0(Native Method)
at java.base/jdk.internal.reflect.NativeMethodAccessorImpl.invoke(NativeMethodAccessorImpl.java:62)
at java.base/jdk.internal.reflect.DelegatingMethodAccessorImpl.invoke(DelegatingMethodAccessorImpl.java:43)
at java.base/java.lang.reflect.Method.invoke(Method.java:567)
at org.testng.internal.MethodInvocationHelper.invokeMethod(MethodInvocationHelper.java:135)
at org.testng.internal.TestInvoker.invokeMethod(TestInvoker.java:598)
at org.testng.internal.TestInvoker.invokeTestMethod(TestInvoker.java:174)
at org.testng.internal.MethodRunner.runInSequence(MethodRunner.java:46)
at org.testng.internal.TestInvoker$MethodInvocationAgent.invoke(TestInvoker.java:821)
at org.testng.internal.TestInvoker.invokeTestMethods(TestInvoker.java:147)
at org.testng.internal.TestMethodWorker.invokeTestMethods(TestMethodWorker.java:146)
at org.testng.internal.TestMethodWorker.run(TestMethodWorker.java:128)
at java.base/java.util.ArrayList.forEach(ArrayList.java:1540)
at org.testng.TestRunner.privateRun(TestRunner.java:767)
at org.testng.TestRunner.run(TestRunner.java:588)
at org.testng.SuiteRunner.runTest(SuiteRunner.java:384)
at org.testng.SuiteRunner.runSequentially(SuiteRunner.java:378)
at org.testng.SuiteRunner.privateRun(SuiteRunner.java:337)
at org.testng.SuiteRunner.run(SuiteRunner.java:286)
at org.testng.SuiteRunnerWorker.runSuite(SuiteRunnerWorker.java:53)
at org.testng.SuiteRunnerWorker.run(SuiteRunnerWorker.java:96)
at org.testng.TestNG.runSuitesSequentially(TestNG.java:1214)
at org.testng.TestNG.runSuitesLocally(TestNG.java:1136)
at org.testng.TestNG.runSuites(TestNG.java:1066)
at org.testng.TestNG.run(TestNG.java:1034)
at org.testng.remote.AbstractRemoteTestNG.run(AbstractRemoteTestNG.java:115)
at org.testng.remote.RemoteTestNG.initAndRun(RemoteTestNG.java:251)
at org.testng.remote.RemoteTestNG.main(RemoteTestNG.java:77)
]]>
            </full-stacktrace>
          </exception> <!-- org.openqa.selenium.NoSuchElementException -->
          <reporter-output>
            <line>
              <![CDATA[Click Delete ATP Rule icon]]>
            </line>
            <line>
              <![CDATA[View Order icon is clicked on]]>
            </line>
          </reporter-output>
        </test-method> <!-- testDeleteATPRule -->
        <test-method is-config="true" signature="tearDown(org.testng.ITestResult)[pri:0, instance:com.gsicommerce.romui.selenium.tests.ATPRulesTests@557caf28]" started-at="2020-07-10T00:26:56 EDT" name="tearDown" finished-at="2020-07-10T00:26:56 EDT" duration-ms="392" status="PASS">
          <params>
            <param index="0">
              <value>
                <![CDATA[[TestResult name=testDeleteATPRule status=FAILURE method=ATPRulesTests.testDeleteATPRule()[pri:4, instance:com.gsicommerce.romui.selenium.tests.ATPRulesTests@557caf28] output=Click Delete ATP Rule icon]]]>
              </value>
            </param>
          </params>
          <reporter-output>
          </reporter-output>
        </test-method> <!-- tearDown -->
      </class> <!-- com.gsicommerce.romui.selenium.tests.ATPRulesTests -->
    </test> <!-- ATPRulesTests -->
  </suite> <!-- Suite -->
</testng-results>
