<?xml version="1.0" encoding="UTF-8"?>
<testng-results ignored="23" total="24" passed="0" failed="1" skipped="0">
  <reporter-output>
  </reporter-output>
  <suite started-at="2020-06-30T00:47:22 EDT" name="Suite" finished-at="2020-06-30T00:48:06 EDT" duration-ms="43936">
    <groups>
    </groups>
    <test started-at="2020-06-30T00:47:22 EDT" name="SafetyStockConfigsTests" finished-at="2020-06-30T00:48:06 EDT" duration-ms="43936">
      <class name="com.gsicommerce.romui.selenium.tests.SafetyStockConfigsTests">
        <test-method is-config="true" signature="setup(org.testng.ITestContext)[pri:0, instance:com.gsicommerce.romui.selenium.tests.SafetyStockConfigsTests@1165b38]" started-at="2020-06-30T00:47:22 EDT" name="setup" finished-at="2020-06-30T00:47:32 EDT" duration-ms="10294" status="PASS">
          <params>
            <param index="0">
              <value>
                <![CDATA[org.testng.TestRunner@325bb9a6]]>
              </value>
            </param>
          </params>
          <reporter-output>
          </reporter-output>
        </test-method> <!-- setup -->
        <test-method signature="testaddSafetyStockByAGGREGRATEDGLOBAL()[pri:20, instance:com.gsicommerce.romui.selenium.tests.SafetyStockConfigsTests@1165b38]" started-at="2020-06-30T00:47:32 EDT" name="testaddSafetyStockByAGGREGRATEDGLOBAL" description="to Verify add Safety stock through AGGREGRATED GLOBAL in Manage Safety Stock Configuration page" finished-at="2020-06-30T00:48:05 EDT" duration-ms="33179" status="FAIL">
          <exception class="org.openqa.selenium.NoSuchElementException">
            <message>
              <![CDATA[Cannot locate element with text: AGGREGRATED GLOBAL
For documentation on this error, please visit: https://www.seleniumhq.org/exceptions/no_such_element.html
Build info: version: '3.141.59', revision: 'e82be7d358', time: '2018-11-14T08:17:03'
System info: host: 'KOP-BM5TNF2', ip: '10.140.134.66', os.name: 'Windows 10', os.arch: 'amd64', os.version: '10.0', java.version: '12.0.2'
Driver info: driver.version: unknown]]>
            </message>
            <full-stacktrace>
              <![CDATA[org.openqa.selenium.NoSuchElementException: Cannot locate element with text: AGGREGRATED GLOBAL
For documentation on this error, please visit: https://www.seleniumhq.org/exceptions/no_such_element.html
Build info: version: '3.141.59', revision: 'e82be7d358', time: '2018-11-14T08:17:03'
System info: host: 'KOP-BM5TNF2', ip: '10.140.134.66', os.name: 'Windows 10', os.arch: 'amd64', os.version: '10.0', java.version: '12.0.2'
Driver info: driver.version: unknown
at org.openqa.selenium.support.ui.Select.selectByVisibleText(Select.java:147)
at com.gsicommerce.romui.selenium.utilities.Action.selectByVisibleText(Action.java:747)
at com.gsicommerce.romui.selenium.pages.ordermanagement.SafetyStockConfigsPage.addGlobal_AggregatedGlobalType(SafetyStockConfigsPage.java:178)
at com.gsicommerce.romui.selenium.tests.SafetyStockConfigsTests.testaddSafetyStockByAGGREGRATEDGLOBAL(SafetyStockConfigsTests.java:363)
at java.base/jdk.internal.reflect.NativeMethodAccessorImpl.invoke0(Native Method)
at java.base/jdk.internal.reflect.NativeMethodAccessorImpl.invoke(NativeMethodAccessorImpl.java:62)
at java.base/jdk.internal.reflect.DelegatingMethodAccessorImpl.invoke(DelegatingMethodAccessorImpl.java:43)
at java.base/java.lang.reflect.Method.invoke(Method.java:567)
at org.testng.internal.MethodInvocationHelper.invokeMethod(MethodInvocationHelper.java:135)
at org.testng.internal.TestInvoker.invokeMethod(TestInvoker.java:598)
at org.testng.internal.TestInvoker.invokeTestMethod(TestInvoker.java:174)
at org.testng.internal.MethodRunner.runInSequence(MethodRunner.java:46)
at org.testng.internal.TestInvoker$MethodInvocationAgent.invoke(TestInvoker.java:821)
at org.testng.internal.TestInvoker.invokeTestMethods(TestInvoker.java:147)
at org.testng.internal.TestMethodWorker.invokeTestMethods(TestMethodWorker.java:146)
at org.testng.internal.TestMethodWorker.run(TestMethodWorker.java:128)
at java.base/java.util.ArrayList.forEach(ArrayList.java:1540)
at org.testng.TestRunner.privateRun(TestRunner.java:767)
at org.testng.TestRunner.run(TestRunner.java:588)
at org.testng.SuiteRunner.runTest(SuiteRunner.java:384)
at org.testng.SuiteRunner.runSequentially(SuiteRunner.java:378)
at org.testng.SuiteRunner.privateRun(SuiteRunner.java:337)
at org.testng.SuiteRunner.run(SuiteRunner.java:286)
at org.testng.SuiteRunnerWorker.runSuite(SuiteRunnerWorker.java:53)
at org.testng.SuiteRunnerWorker.run(SuiteRunnerWorker.java:96)
at org.testng.TestNG.runSuitesSequentially(TestNG.java:1214)
at org.testng.TestNG.runSuitesLocally(TestNG.java:1136)
at org.testng.TestNG.runSuites(TestNG.java:1066)
at org.testng.TestNG.run(TestNG.java:1034)
at org.testng.remote.AbstractRemoteTestNG.run(AbstractRemoteTestNG.java:115)
at org.testng.remote.RemoteTestNG.initAndRun(RemoteTestNG.java:251)
at org.testng.remote.RemoteTestNG.main(RemoteTestNG.java:77)
]]>
            </full-stacktrace>
          </exception> <!-- org.openqa.selenium.NoSuchElementException -->
          <reporter-output>
          </reporter-output>
        </test-method> <!-- testaddSafetyStockByAGGREGRATEDGLOBAL -->
        <test-method is-config="true" signature="tearDown(org.testng.ITestResult)[pri:0, instance:com.gsicommerce.romui.selenium.tests.SafetyStockConfigsTests@1165b38]" started-at="2020-06-30T00:48:05 EDT" name="tearDown" finished-at="2020-06-30T00:48:06 EDT" duration-ms="441" status="PASS">
          <params>
            <param index="0">
              <value>
                <![CDATA[[TestResult name=testaddSafetyStockByAGGREGRATEDGLOBAL status=FAILURE method=SafetyStockConfigsTests.testaddSafetyStockByAGGREGRATEDGLOBAL()[pri:20, instance:com.gsicommerce.romui.selenium.tests.SafetyStockConfigsTests@1165b38] output={null}]]]>
              </value>
            </param>
          </params>
          <reporter-output>
          </reporter-output>
        </test-method> <!-- tearDown -->
      </class> <!-- com.gsicommerce.romui.selenium.tests.SafetyStockConfigsTests -->
    </test> <!-- SafetyStockConfigsTests -->
  </suite> <!-- Suite -->
</testng-results>
