<?xml version="1.0" encoding="UTF-8"?>
<testng-results ignored="18" total="19" passed="1" failed="0" skipped="0">
  <reporter-output>
    <line>
      <![CDATA[There is no page limit option displayed]]>
    </line>
    <line>
      <![CDATA[page limit drop down value is selected]]>
    </line>
    <line>
      <![CDATA[Getting the column value of the first row]]>
    </line>
    <line>
      <![CDATA[Getting the column value of the first row]]>
    </line>
  </reporter-output>
  <suite started-at="2020-07-16T09:44:51 EDT" name="Suite" finished-at="2020-07-16T09:45:45 EDT" duration-ms="54020">
    <groups>
    </groups>
    <test started-at="2020-07-16T09:44:51 EDT" name="OrdersTests" finished-at="2020-07-16T09:45:45 EDT" duration-ms="54020">
      <class name="com.gsicommerce.romui.selenium.tests.OrdersTests">
        <test-method is-config="true" signature="setup(org.testng.ITestContext)[pri:0, instance:com.gsicommerce.romui.selenium.tests.OrdersTests@7e6f74c]" started-at="2020-07-16T09:44:51 EDT" name="setup" finished-at="2020-07-16T09:45:05 EDT" duration-ms="13634" status="PASS">
          <params>
            <param index="0">
              <value>
                <![CDATA[org.testng.TestRunner@4a8df3e2]]>
              </value>
            </param>
          </params>
          <reporter-output>
          </reporter-output>
        </test-method> <!-- setup -->
        <test-method signature="testSearchOrderbyNumber()[pri:1, instance:com.gsicommerce.romui.selenium.tests.OrdersTests@7e6f74c]" started-at="2020-07-16T09:45:05 EDT" name="testSearchOrderbyNumber" description="to Verify search order by Order number" finished-at="2020-07-16T09:45:45 EDT" duration-ms="39681" status="PASS">
          <reporter-output>
            <line>
              <![CDATA[There is no page limit option displayed]]>
            </line>
            <line>
              <![CDATA[page limit drop down value is selected]]>
            </line>
            <line>
              <![CDATA[Getting the column value of the first row]]>
            </line>
            <line>
              <![CDATA[Getting the column value of the first row]]>
            </line>
          </reporter-output>
        </test-method> <!-- testSearchOrderbyNumber -->
        <test-method is-config="true" signature="tearDown(org.testng.ITestResult)[pri:0, instance:com.gsicommerce.romui.selenium.tests.OrdersTests@7e6f74c]" started-at="2020-07-16T09:45:45 EDT" name="tearDown" finished-at="2020-07-16T09:45:45 EDT" duration-ms="663" status="PASS">
          <params>
            <param index="0">
              <value>
                <![CDATA[[TestResult name=testSearchOrderbyNumber status=SUCCESS method=OrdersTests.testSearchOrderbyNumber()[pri:1, instance:com.gsicommerce.romui.selenium.tests.OrdersTests@7e6f74c] output=There is no page limit option displayed]]]>
              </value>
            </param>
          </params>
          <reporter-output>
          </reporter-output>
        </test-method> <!-- tearDown -->
      </class> <!-- com.gsicommerce.romui.selenium.tests.OrdersTests -->
    </test> <!-- OrdersTests -->
  </suite> <!-- Suite -->
</testng-results>
