<?xml version="1.0" encoding="UTF-8"?>
<testng-results ignored="6" total="7" passed="0" failed="1" skipped="0">
  <reporter-output>
    <line>
      <![CDATA[class com.sun.proxy.$Proxy15 cannot be cast to class org.openqa.selenium.By (com.sun.proxy.$Proxy15 and org.openqa.selenium.By are in unnamed module of loader 'app')]]>
    </line>
    <line>
      <![CDATA[Action icon is clicked on]]>
    </line>
    <line>
      <![CDATA[Expected condition failed: waiting for presence of element located by: By.id:  (tried for 10 second(s) with 500 milliseconds interval)]]>
    </line>
    <line>
      <![CDATA[Action icon is clicked on]]>
    </line>
    <line>
      <![CDATA[Expected condition failed: waiting for presence of element located by: By.id:  (tried for 5 second(s) with 500 milliseconds interval)]]>
    </line>
  </reporter-output>
  <suite started-at="2020-05-31T02:27:22 EDT" name="Suite" finished-at="2020-05-31T02:29:42 EDT" duration-ms="140948">
    <groups>
    </groups>
    <test started-at="2020-05-31T02:27:22 EDT" name="PipelinesTests" finished-at="2020-05-31T02:29:42 EDT" duration-ms="140948">
      <class name="com.gsicommerce.romui.selenium.tests.PipelinesTests">
        <test-method is-config="true" signature="setup(org.testng.ITestContext)[pri:0, instance:com.gsicommerce.romui.selenium.tests.PipelinesTests@22555ebf]" started-at="2020-05-31T02:27:22 EDT" name="setup" finished-at="2020-05-31T02:27:29 EDT" duration-ms="7778" status="PASS">
          <params>
            <param index="0">
              <value>
                <![CDATA[org.testng.TestRunner@47d6d2a7]]>
              </value>
            </param>
          </params>
          <reporter-output>
          </reporter-output>
        </test-method> <!-- setup -->
        <test-method signature="testeditPipelineActive()[pri:6, instance:com.gsicommerce.romui.selenium.tests.PipelinesTests@22555ebf]" started-at="2020-05-31T02:27:29 EDT" name="testeditPipelineActive" description="Edit Pipeline Active Status" finished-at="2020-05-31T02:29:42 EDT" duration-ms="132690" status="FAIL">
          <exception class="java.lang.AssertionError">
            <message>
              <![CDATA[Pipeline has not been Edited expected [SheelaaddpipelineAuto639265] but found [false]]]>
            </message>
            <full-stacktrace>
              <![CDATA[java.lang.AssertionError: Pipeline has not been Edited expected [SheelaaddpipelineAuto639265] but found [false]
at org.testng.Assert.fail(Assert.java:97)
at org.testng.Assert.assertEqualsImpl(Assert.java:136)
at org.testng.Assert.assertEquals(Assert.java:118)
at com.gsicommerce.romui.selenium.pages.ordermanagement.PipelinesPage.editPipelineActive(PipelinesPage.java:323)
at com.gsicommerce.romui.selenium.tests.PipelinesTests.testeditPipelineActive(PipelinesTests.java:85)
at java.base/jdk.internal.reflect.NativeMethodAccessorImpl.invoke0(Native Method)
at java.base/jdk.internal.reflect.NativeMethodAccessorImpl.invoke(NativeMethodAccessorImpl.java:62)
at java.base/jdk.internal.reflect.DelegatingMethodAccessorImpl.invoke(DelegatingMethodAccessorImpl.java:43)
at java.base/java.lang.reflect.Method.invoke(Method.java:567)
at org.testng.internal.MethodInvocationHelper.invokeMethod(MethodInvocationHelper.java:135)
at org.testng.internal.TestInvoker.invokeMethod(TestInvoker.java:598)
at org.testng.internal.TestInvoker.invokeTestMethod(TestInvoker.java:174)
at org.testng.internal.MethodRunner.runInSequence(MethodRunner.java:46)
at org.testng.internal.TestInvoker$MethodInvocationAgent.invoke(TestInvoker.java:821)
at org.testng.internal.TestInvoker.invokeTestMethods(TestInvoker.java:147)
at org.testng.internal.TestMethodWorker.invokeTestMethods(TestMethodWorker.java:146)
at org.testng.internal.TestMethodWorker.run(TestMethodWorker.java:128)
at java.base/java.util.ArrayList.forEach(ArrayList.java:1540)
at org.testng.TestRunner.privateRun(TestRunner.java:767)
at org.testng.TestRunner.run(TestRunner.java:588)
at org.testng.SuiteRunner.runTest(SuiteRunner.java:384)
at org.testng.SuiteRunner.runSequentially(SuiteRunner.java:378)
at org.testng.SuiteRunner.privateRun(SuiteRunner.java:337)
at org.testng.SuiteRunner.run(SuiteRunner.java:286)
at org.testng.SuiteRunnerWorker.runSuite(SuiteRunnerWorker.java:53)
at org.testng.SuiteRunnerWorker.run(SuiteRunnerWorker.java:96)
at org.testng.TestNG.runSuitesSequentially(TestNG.java:1214)
at org.testng.TestNG.runSuitesLocally(TestNG.java:1136)
at org.testng.TestNG.runSuites(TestNG.java:1066)
at org.testng.TestNG.run(TestNG.java:1034)
at org.testng.remote.AbstractRemoteTestNG.run(AbstractRemoteTestNG.java:115)
at org.testng.remote.RemoteTestNG.initAndRun(RemoteTestNG.java:251)
at org.testng.remote.RemoteTestNG.main(RemoteTestNG.java:77)
]]>
            </full-stacktrace>
          </exception> <!-- java.lang.AssertionError -->
          <reporter-output>
            <line>
              <![CDATA[class com.sun.proxy.$Proxy15 cannot be cast to class org.openqa.selenium.By (com.sun.proxy.$Proxy15 and org.openqa.selenium.By are in unnamed module of loader 'app')]]>
            </line>
            <line>
              <![CDATA[Action icon is clicked on]]>
            </line>
            <line>
              <![CDATA[Expected condition failed: waiting for presence of element located by: By.id:  (tried for 10 second(s) with 500 milliseconds interval)]]>
            </line>
            <line>
              <![CDATA[Action icon is clicked on]]>
            </line>
            <line>
              <![CDATA[Expected condition failed: waiting for presence of element located by: By.id:  (tried for 5 second(s) with 500 milliseconds interval)]]>
            </line>
          </reporter-output>
        </test-method> <!-- testeditPipelineActive -->
        <test-method is-config="true" signature="tearDown(org.testng.ITestResult)[pri:0, instance:com.gsicommerce.romui.selenium.tests.PipelinesTests@22555ebf]" started-at="2020-05-31T02:29:42 EDT" name="tearDown" finished-at="2020-05-31T02:29:42 EDT" duration-ms="445" status="PASS">
          <params>
            <param index="0">
              <value>
                <![CDATA[[TestResult name=testeditPipelineActive status=FAILURE method=PipelinesTests.testeditPipelineActive()[pri:6, instance:com.gsicommerce.romui.selenium.tests.PipelinesTests@22555ebf] output=class com.sun.proxy.$Proxy15 cannot be cast to class org.openqa.selenium.By (com.sun.proxy.$Proxy15 and org.openqa.selenium.By are in unnamed module of loader 'app')]]]>
              </value>
            </param>
          </params>
          <reporter-output>
          </reporter-output>
        </test-method> <!-- tearDown -->
      </class> <!-- com.gsicommerce.romui.selenium.tests.PipelinesTests -->
    </test> <!-- PipelinesTests -->
  </suite> <!-- Suite -->
</testng-results>
