<?xml version="1.0" encoding="UTF-8"?>
<testng-results ignored="0" total="1" passed="1" failed="0" skipped="0">
  <reporter-output>
    <line>
      <![CDATA[class com.sun.proxy.$Proxy15 cannot be cast to class org.openqa.selenium.By (com.sun.proxy.$Proxy15 and org.openqa.selenium.By are in unnamed module of loader 'app')]]>
    </line>
  </reporter-output>
  <suite started-at="2020-05-13T00:07:29 EDT" name="Suite" finished-at="2020-05-13T00:07:54 EDT" duration-ms="25019">
    <groups>
    </groups>
    <test started-at="2020-05-13T00:07:29 EDT" name="Test" finished-at="2020-05-13T00:07:54 EDT" duration-ms="25019">
      <class name="com.gsicommerce.romui.selenium.tests.OrdersTest">
        <test-method is-config="true" signature="setup(org.testng.ITestContext)[pri:0, instance:com.gsicommerce.romui.selenium.tests.OrdersTest@51399530]" started-at="2020-05-13T00:07:29 EDT" name="setup" finished-at="2020-05-13T00:07:37 EDT" duration-ms="8004" status="PASS">
          <params>
            <param index="0">
              <value>
                <![CDATA[org.testng.TestRunner@3f672204]]>
              </value>
            </param>
          </params>
          <reporter-output>
          </reporter-output>
        </test-method> <!-- setup -->
        <test-method signature="testAddPipeline()[pri:1, instance:com.gsicommerce.romui.selenium.tests.OrdersTest@51399530]" started-at="2020-05-13T00:07:37 EDT" name="testAddPipeline" description="Add Pipeline" finished-at="2020-05-13T00:07:54 EDT" duration-ms="16992" status="PASS">
          <reporter-output>
            <line>
              <![CDATA[class com.sun.proxy.$Proxy15 cannot be cast to class org.openqa.selenium.By (com.sun.proxy.$Proxy15 and org.openqa.selenium.By are in unnamed module of loader 'app')]]>
            </line>
          </reporter-output>
        </test-method> <!-- testAddPipeline -->
        <test-method is-config="true" signature="tearDown(org.testng.ITestResult)[pri:0, instance:com.gsicommerce.romui.selenium.tests.OrdersTest@51399530]" started-at="2020-05-13T00:07:54 EDT" name="tearDown" finished-at="2020-05-13T00:07:54 EDT" duration-ms="0" status="PASS">
          <params>
            <param index="0">
              <value>
                <![CDATA[[TestResult name=testAddPipeline status=SUCCESS method=OrdersTest.testAddPipeline()[pri:1, instance:com.gsicommerce.romui.selenium.tests.OrdersTest@51399530] output=class com.sun.proxy.$Proxy15 cannot be cast to class org.openqa.selenium.By (com.sun.proxy.$Proxy15 and org.openqa.selenium.By are in unnamed module of loader 'app')]]]>
              </value>
            </param>
          </params>
          <reporter-output>
          </reporter-output>
        </test-method> <!-- tearDown -->
      </class> <!-- com.gsicommerce.romui.selenium.tests.OrdersTest -->
    </test> <!-- Test -->
  </suite> <!-- Suite -->
</testng-results>
