<?xml version="1.0" encoding="UTF-8"?>
<testng-results ignored="0" total="1" passed="1" failed="0" skipped="0">
  <reporter-output>
    <line>
      <![CDATA[class com.sun.proxy.$Proxy15 cannot be cast to class org.openqa.selenium.By (com.sun.proxy.$Proxy15 and org.openqa.selenium.By are in unnamed module of loader 'app')]]>
    </line>
  </reporter-output>
  <suite started-at="2020-05-07T00:36:09 EDT" name="Suite" finished-at="2020-05-07T00:36:45 EDT" duration-ms="35675">
    <groups>
    </groups>
    <test started-at="2020-05-07T00:36:09 EDT" name="Test" finished-at="2020-05-07T00:36:45 EDT" duration-ms="35675">
      <class name="com.gsicommerce.romui.selenium.tests.ShippingLabelConfigTest">
        <test-method is-config="true" signature="setup(org.testng.ITestContext)[pri:0, instance:com.gsicommerce.romui.selenium.tests.ShippingLabelConfigTest@55b699ef]" started-at="2020-05-07T00:36:09 EDT" name="setup" finished-at="2020-05-07T00:36:21 EDT" duration-ms="12355" status="PASS">
          <params>
            <param index="0">
              <value>
                <![CDATA[org.testng.TestRunner@5782d777]]>
              </value>
            </param>
          </params>
          <reporter-output>
          </reporter-output>
        </test-method> <!-- setup -->
        <test-method signature="testAddShipLabelConfig()[pri:1, instance:com.gsicommerce.romui.selenium.tests.ShippingLabelConfigTest@55b699ef]" started-at="2020-05-07T00:36:21 EDT" name="testAddShipLabelConfig" description="Add Ship Label Config" finished-at="2020-05-07T00:36:45 EDT" duration-ms="23290" status="PASS">
          <reporter-output>
            <line>
              <![CDATA[class com.sun.proxy.$Proxy15 cannot be cast to class org.openqa.selenium.By (com.sun.proxy.$Proxy15 and org.openqa.selenium.By are in unnamed module of loader 'app')]]>
            </line>
          </reporter-output>
        </test-method> <!-- testAddShipLabelConfig -->
        <test-method is-config="true" signature="tearDown(org.testng.ITestResult)[pri:0, instance:com.gsicommerce.romui.selenium.tests.ShippingLabelConfigTest@55b699ef]" started-at="2020-05-07T00:36:45 EDT" name="tearDown" finished-at="2020-05-07T00:36:45 EDT" duration-ms="0" status="PASS">
          <params>
            <param index="0">
              <value>
                <![CDATA[[TestResult name=testAddShipLabelConfig status=SUCCESS method=ShippingLabelConfigTest.testAddShipLabelConfig()[pri:1, instance:com.gsicommerce.romui.selenium.tests.ShippingLabelConfigTest@55b699ef] output=class com.sun.proxy.$Proxy15 cannot be cast to class org.openqa.selenium.By (com.sun.proxy.$Proxy15 and org.openqa.selenium.By are in unnamed module of loader 'app')]]]>
              </value>
            </param>
          </params>
          <reporter-output>
          </reporter-output>
        </test-method> <!-- tearDown -->
      </class> <!-- com.gsicommerce.romui.selenium.tests.ShippingLabelConfigTest -->
    </test> <!-- Test -->
  </suite> <!-- Suite -->
</testng-results>
